(*parser.EscapeEvent)(0xc000090040)({
 Data: ([]uint8) (len=2 cap=8) {
  00000000  28 42                                             |(B|
 }
})
(*parser.EscapeEvent)(0xc0000900c0)({
 Data: ([]uint8) (len=2 cap=8) {
  00000000  29 30                                             |)0|
 }
})
(*parser.CSIEvent)(0xc00010e0a0)(CSI: SM-Q (0x68) Leader=[]byte{0x3f} Args=[]int{1049} Intermed=[]byte(nil))
(*parser.CSIEvent)(0xc00010e0f0)(CSI: DECSTBM (0x72) Leader=[]byte(nil) Args=[]int{1, 24} Intermed=[]byte(nil))
(*parser.CSIEvent)(0xc00010e140)(CSI: SGR (0x6d) Leader=[]byte(nil) Args=[]int(nil) Intermed=[]byte(nil))
(*parser.ControlEvent)(0xc0000142e8)(CTL: "\x0f" (0xf))
(*parser.CSIEvent)(0xc00010e190)(CSI: RM (0x6c) Leader=[]byte(nil) Args=[]int{4} Intermed=[]byte(nil))
(*parser.CSIEvent)(0xc00010e1e0)(CSI: SM-Q (0x68) Leader=[]byte{0x3f} Args=[]int{1} Intermed=[]byte(nil))
(*parser.EscapeEvent)(0xc0000901e0)({
 Data: ([]uint8) (len=1 cap=8) {
  00000000  3d                                                |=|
 }
})
(*parser.CSIEvent)(0xc0000ae140)(CSI: RM-Q (0x6c) Leader=[]byte{0x3f} Args=[]int{25} Intermed=[]byte(nil))
(*parser.CSIEvent)(0xc0000ae190)(CSI: SGR (0x6d) Leader=[]byte(nil) Args=[]int{39, 49} Intermed=[]byte(nil))
(*parser.CSIEvent)(0xc0000de050)(CSI: SM-Q (0x68) Leader=[]byte{0x3f} Args=[]int{1000} Intermed=[]byte(nil))
(*parser.CSIEvent)(0xc0000ae1e0)(CSI: SGR (0x6d) Leader=[]byte(nil) Args=[]int{39, 49} Intermed=[]byte(nil))
(*parser.CSIEvent)(0xc00010e280)(CSI: SGR (0x6d) Leader=[]byte(nil) Args=[]int(nil) Intermed=[]byte(nil))
(*parser.ControlEvent)(0xc000014389)(CTL: "\x0f" (0xf))
(*parser.CSIEvent)(0xc0000ae230)(CSI: CUP (0x48) Leader=[]byte(nil) Args=[]int(nil) Intermed=[]byte(nil))
(*parser.CSIEvent)(0xc0000ae280)(CSI: ED (0x4a) Leader=[]byte(nil) Args=[]int(nil) Intermed=[]byte(nil))
(*parser.CSIEvent)(0xc0000ae2d0)(CSI: VPA (0x64) Leader=[]byte(nil) Args=[]int{2} Intermed=[]byte(nil))
(*parser.TextEvent)(0xc00000c1c0)({
 Text: ([]uint8) (len=2 cap=2) {
  00000000  20 20                                             |  |
 }
})
(*parser.CSIEvent)(0xc00010e2d0)(CSI: SGR (0x6d) Leader=[]byte(nil) Args=[]int{36} Intermed=[]byte(nil))
(*parser.TextEvent)(0xc0000902e0)({
 Text: ([]uint8) (len=3 cap=3) {
  00000000  31 20 20                                          |1  |
 }
})
(*parser.CSIEvent)(0xc00010e370)(CSI: SGR (0x6d) Leader=[]byte(nil) Args=[]int{39} Intermed=[]byte(nil))
(*parser.CSIEvent)(0xc00010e3c0)(CSI: SGR (0x6d) Leader=[]byte(nil) Args=[]int{0, 1} Intermed=[]byte(nil))
(*parser.ControlEvent)(0xc0000f4330)(CTL: "\x0f" (0xf))
(*parser.TextEvent)(0xc0000903a0)({
 Text: ([]uint8) (len=1 cap=1) {
  00000000  5b                                                |[|
 }
})
(*parser.CSIEvent)(0xc00010e460)(CSI: SGR (0x6d) Leader=[]byte(nil) Args=[]int{90} Intermed=[]byte(nil))
(*parser.TextEvent)(0xc00000c240)({
 Text: ([]uint8) (len=30 cap=30) {
  00000000  20 20 20 20 20 20 20 20  20 20 20 20 20 20 20 20  |                |
  00000010  20 20 20 20 20 20 20 20  20 20 6e 61 6e 25        |          nan%|
 }
})
(*parser.CSIEvent)(0xc00010e500)(CSI: SGR (0x6d) Leader=[]byte(nil) Args=[]int{39} Intermed=[]byte(nil))
(*parser.TextEvent)(0xc0000904c0)({
 Text: ([]uint8) (len=1 cap=1) {
  00000000  5d                                                |]|
 }
})
(*parser.CSIEvent)(0xc00010e5a0)(CSI: SGR (0x6d) Leader=[]byte(nil) Args=[]int(nil) Intermed=[]byte(nil))
(*parser.ControlEvent)(0xc0000f4421)(CTL: "\x0f" (0xf))
(*parser.TextEvent)(0xc000090540)({
 Text: ([]uint8) (len=3 cap=3) {
  00000000  20 20 20                                          |   |
 }
})
(*parser.CSIEvent)(0xc00010e640)(CSI: SGR (0x6d) Leader=[]byte(nil) Args=[]int{36} Intermed=[]byte(nil))
(*parser.TextEvent)(0xc0000905e0)({
 Text: ([]uint8) (len=3 cap=3) {
  00000000  35 20 20                                          |5  |
 }
})
(*parser.CSIEvent)(0xc00010e6e0)(CSI: SGR (0x6d) Leader=[]byte(nil) Args=[]int{39} Intermed=[]byte(nil))
(*parser.CSIEvent)(0xc00010e730)(CSI: SGR (0x6d) Leader=[]byte(nil) Args=[]int{0, 1} Intermed=[]byte(nil))
(*parser.ControlEvent)(0xc0000f4598)(CTL: "\x0f" (0xf))
(*parser.TextEvent)(0xc00000c260)({
 Text: ([]uint8) (len=1 cap=1) {
  00000000  5b                                                |[|
 }
})
(*parser.CSIEvent)(0xc00010e7d0)(CSI: SGR (0x6d) Leader=[]byte(nil) Args=[]int{90} Intermed=[]byte(nil))
(*parser.TextEvent)(0xc000090720)({
 Text: ([]uint8) (len=30 cap=30) {
  00000000  20 20 20 20 20 20 20 20  20 20 20 20 20 20 20 20  |                |
  00000010  20 20 20 20 20 20 20 20  20 20 30 2e 30 25        |          0.0%|
 }
})
(*parser.CSIEvent)(0xc00010e870)(CSI: SGR (0x6d) Leader=[]byte(nil) Args=[]int{39} Intermed=[]byte(nil))
(*parser.TextEvent)(0xc0000907c0)({
 Text: ([]uint8) (len=1 cap=1) {
  00000000  5d                                                |]|
 }
})
(*parser.CSIEvent)(0xc00010e910)(CSI: CUP (0x48) Leader=[]byte(nil) Args=[]int{3, 3} Intermed=[]byte(nil))
(*parser.CSIEvent)(0xc0000ae370)(CSI: SGR (0x6d) Leader=[]byte(nil) Args=[]int{0} Intermed=[]byte(nil))
(*parser.ControlEvent)(0xc0000e40a8)(CTL: "\x0f" (0xf))
(*parser.CSIEvent)(0xc0000ae3c0)(CSI: SGR (0x6d) Leader=[]byte(nil) Args=[]int{36} Intermed=[]byte(nil))
(*parser.TextEvent)(0xc00000c2a0)({
 Text: ([]uint8) (len=3 cap=3) {
  00000000  32 20 20                                          |2  |
 }
})
(*parser.CSIEvent)(0xc0000ae460)(CSI: SGR (0x6d) Leader=[]byte(nil) Args=[]int{39} Intermed=[]byte(nil))
(*parser.CSIEvent)(0xc0000ae4b0)(CSI: SGR (0x6d) Leader=[]byte(nil) Args=[]int{0, 1} Intermed=[]byte(nil))
(*parser.ControlEvent)(0xc0000145e8)(CTL: "\x0f" (0xf))
(*parser.TextEvent)(0xc00000c340)({
 Text: ([]uint8) (len=1 cap=1) {
  00000000  5b                                                |[|
 }
})
(*parser.CSIEvent)(0xc0000ae550)(CSI: SGR (0x6d) Leader=[]byte(nil) Args=[]int{90} Intermed=[]byte(nil))
(*parser.TextEvent)(0xc00000c3e0)({
 Text: ([]uint8) (len=30 cap=30) {
  00000000  20 20 20 20 20 20 20 20  20 20 20 20 20 20 20 20  |                |
  00000010  20 20 20 20 20 20 20 20  20 20 30 2e 30 25        |          0.0%|
 }
})
(*parser.CSIEvent)(0xc0000ae5f0)(CSI: SGR (0x6d) Leader=[]byte(nil) Args=[]int{39} Intermed=[]byte(nil))
(*parser.TextEvent)(0xc00000c480)({
 Text: ([]uint8) (len=1 cap=1) {
  00000000  5d                                                |]|
 }
})
(*parser.CSIEvent)(0xc0000ae690)(CSI: SGR (0x6d) Leader=[]byte(nil) Args=[]int(nil) Intermed=[]byte(nil))
(*parser.ControlEvent)(0xc0000e4100)(CTL: "\x0f" (0xf))
(*parser.TextEvent)(0xc00000c500)({
 Text: ([]uint8) (len=3 cap=3) {
  00000000  20 20 20                                          |   |
 }
})
(*parser.CSIEvent)(0xc0000ae730)(CSI: SGR (0x6d) Leader=[]byte(nil) Args=[]int{36} Intermed=[]byte(nil))
(*parser.TextEvent)(0xc00000c5a0)({
 Text: ([]uint8) (len=3 cap=3) {
  00000000  36 20 20                                          |6  |
 }
})
(*parser.CSIEvent)(0xc0000ae7d0)(CSI: SGR (0x6d) Leader=[]byte(nil) Args=[]int{39} Intermed=[]byte(nil))
(*parser.CSIEvent)(0xc0000ae820)(CSI: SGR (0x6d) Leader=[]byte(nil) Args=[]int{0, 1} Intermed=[]byte(nil))
(*parser.ControlEvent)(0xc000014878)(CTL: "\x0f" (0xf))
(*parser.TextEvent)(0xc00000c660)({
 Text: ([]uint8) (len=1 cap=1) {
  00000000  5b                                                |[|
 }
})
(*parser.CSIEvent)(0xc0000ae8c0)(CSI: SGR (0x6d) Leader=[]byte(nil) Args=[]int{90} Intermed=[]byte(nil))
(*parser.TextEvent)(0xc0001280c0)({
 Text: ([]uint8) (len=30 cap=30) {
  00000000  20 20 20 20 20 20 20 20  20 20 20 20 20 20 20 20  |                |
  00000010  20 20 20 20 20 20 20 20  20 20 6e 61 6e 25        |          nan%|
 }
})
(*parser.CSIEvent)(0xc0000ae960)(CSI: SGR (0x6d) Leader=[]byte(nil) Args=[]int{39} Intermed=[]byte(nil))
(*parser.TextEvent)(0xc00000c760)({
 Text: ([]uint8) (len=1 cap=1) {
  00000000  5d                                                |]|
 }
})
(*parser.CSIEvent)(0xc0000aea00)(CSI: CUP (0x48) Leader=[]byte(nil) Args=[]int{4, 3} Intermed=[]byte(nil))
(*parser.CSIEvent)(0xc0000aea50)(CSI: SGR (0x6d) Leader=[]byte(nil) Args=[]int{0} Intermed=[]byte(nil))
(*parser.ControlEvent)(0xc0000e41a0)(CTL: "\x0f" (0xf))
(*parser.CSIEvent)(0xc0000de0a0)(CSI: SGR (0x6d) Leader=[]byte(nil) Args=[]int{36} Intermed=[]byte(nil))
(*parser.TextEvent)(0xc00000c800)({
 Text: ([]uint8) (len=3 cap=3) {
  00000000  33 20 20                                          |3  |
 }
})
(*parser.CSIEvent)(0xc0000aeaa0)(CSI: SGR (0x6d) Leader=[]byte(nil) Args=[]int{39} Intermed=[]byte(nil))
(*parser.CSIEvent)(0xc0000aeaf0)(CSI: SGR (0x6d) Leader=[]byte(nil) Args=[]int{0, 1} Intermed=[]byte(nil))
(*parser.ControlEvent)(0xc000014a40)(CTL: "\x0f" (0xf))
(*parser.TextEvent)(0xc00000c860)({
 Text: ([]uint8) (len=1 cap=1) {
  00000000  5b                                                |[|
 }
})
(*parser.CSIEvent)(0xc0000aeb90)(CSI: SGR (0x6d) Leader=[]byte(nil) Args=[]int{90} Intermed=[]byte(nil))
(*parser.TextEvent)(0xc00000c900)({
 Text: ([]uint8) (len=30 cap=30) {
  00000000  20 20 20 20 20 20 20 20  20 20 20 20 20 20 20 20  |                |
  00000010  20 20 20 20 20 20 20 20  20 20 6e 61 6e 25        |          nan%|
 }
})
(*parser.CSIEvent)(0xc0000aec30)(CSI: SGR (0x6d) Leader=[]byte(nil) Args=[]int{39} Intermed=[]byte(nil))
(*parser.TextEvent)(0xc00000c9a0)({
 Text: ([]uint8) (len=1 cap=1) {
  00000000  5d                                                |]|
 }
})
(*parser.CSIEvent)(0xc0000aecd0)(CSI: SGR (0x6d) Leader=[]byte(nil) Args=[]int(nil) Intermed=[]byte(nil))
(*parser.ControlEvent)(0xc000014b79)(CTL: "\x0f" (0xf))
(*parser.TextEvent)(0xc00000ca20)({
 Text: ([]uint8) (len=3 cap=3) {
  00000000  20 20 20                                          |   |
 }
})
(*parser.CSIEvent)(0xc0000aed70)(CSI: SGR (0x6d) Leader=[]byte(nil) Args=[]int{36} Intermed=[]byte(nil))
(*parser.TextEvent)(0xc0001281a0)({
 Text: ([]uint8) (len=3 cap=3) {
  00000000  37 20 20                                          |7  |
 }
})
(*parser.CSIEvent)(0xc0000de190)(CSI: SGR (0x6d) Leader=[]byte(nil) Args=[]int{39} Intermed=[]byte(nil))
(*parser.CSIEvent)(0xc0000de1e0)(CSI: SGR (0x6d) Leader=[]byte(nil) Args=[]int{0, 1} Intermed=[]byte(nil))
(*parser.ControlEvent)(0xc0000e4360)(CTL: "\x0f" (0xf))
(*parser.TextEvent)(0xc000128260)({
 Text: ([]uint8) (len=1 cap=1) {
  00000000  5b                                                |[|
 }
})
(*parser.CSIEvent)(0xc0000aedc0)(CSI: SGR (0x6d) Leader=[]byte(nil) Args=[]int{90} Intermed=[]byte(nil))
(*parser.TextEvent)(0xc00000cac0)({
 Text: ([]uint8) (len=30 cap=30) {
  00000000  20 20 20 20 20 20 20 20  20 20 20 20 20 20 20 20  |                |
  00000010  20 20 20 20 20 20 20 20  20 20 30 2e 30 25        |          0.0%|
 }
})
(*parser.CSIEvent)(0xc0000de2d0)(CSI: SGR (0x6d) Leader=[]byte(nil) Args=[]int{39} Intermed=[]byte(nil))
(*parser.TextEvent)(0xc000128360)({
 Text: ([]uint8) (len=1 cap=1) {
  00000000  5d                                                |]|
 }
})
(*parser.CSIEvent)(0xc0000aee60)(CSI: CUP (0x48) Leader=[]byte(nil) Args=[]int{5, 3} Intermed=[]byte(nil))
(*parser.CSIEvent)(0xc0000aeeb0)(CSI: SGR (0x6d) Leader=[]byte(nil) Args=[]int{0} Intermed=[]byte(nil))
(*parser.ControlEvent)(0xc000014ce8)(CTL: "\x0f" (0xf))
(*parser.CSIEvent)(0xc0000aef00)(CSI: SGR (0x6d) Leader=[]byte(nil) Args=[]int{36} Intermed=[]byte(nil))
(*parser.TextEvent)(0xc00000cba0)({
 Text: ([]uint8) (len=3 cap=3) {
  00000000  34 20 20                                          |4  |
 }
})
(*parser.CSIEvent)(0xc0000aefa0)(CSI: SGR (0x6d) Leader=[]byte(nil) Args=[]int{39} Intermed=[]byte(nil))
(*parser.CSIEvent)(0xc0000aeff0)(CSI: SGR (0x6d) Leader=[]byte(nil) Args=[]int{0, 1} Intermed=[]byte(nil))
(*parser.ControlEvent)(0xc000014dd8)(CTL: "\x0f" (0xf))
(*parser.TextEvent)(0xc000128380)({
 Text: ([]uint8) (len=1 cap=1) {
  00000000  5b                                                |[|
 }
})
(*parser.CSIEvent)(0xc0000de320)(CSI: SGR (0x6d) Leader=[]byte(nil) Args=[]int{90} Intermed=[]byte(nil))
(*parser.TextEvent)(0xc0001283c0)({
 Text: ([]uint8) (len=30 cap=30) {
  00000000  20 20 20 20 20 20 20 20  20 20 20 20 20 20 20 20  |                |
  00000010  20 20 20 20 20 20 20 20  20 20 6e 61 6e 25        |          nan%|
 }
})
(*parser.CSIEvent)(0xc0000de3c0)(CSI: SGR (0x6d) Leader=[]byte(nil) Args=[]int{39} Intermed=[]byte(nil))
(*parser.TextEvent)(0xc000128460)({
 Text: ([]uint8) (len=1 cap=1) {
  00000000  5d                                                |]|
 }
})
(*parser.CSIEvent)(0xc0000de460)(CSI: SGR (0x6d) Leader=[]byte(nil) Args=[]int(nil) Intermed=[]byte(nil))
(*parser.ControlEvent)(0xc0000e45c9)(CTL: "\x0f" (0xf))
(*parser.TextEvent)(0xc0001284e0)({
 Text: ([]uint8) (len=3 cap=3) {
  00000000  20 20 20                                          |   |
 }
})
(*parser.CSIEvent)(0xc0000de500)(CSI: SGR (0x6d) Leader=[]byte(nil) Args=[]int{36} Intermed=[]byte(nil))
(*parser.TextEvent)(0xc000128580)({
 Text: ([]uint8) (len=3 cap=3) {
  00000000  38 20 20                                          |8  |
 }
})
(*parser.CSIEvent)(0xc0000de5a0)(CSI: SGR (0x6d) Leader=[]byte(nil) Args=[]int{39} Intermed=[]byte(nil))
(*parser.CSIEvent)(0xc0000de5f0)(CSI: SGR (0x6d) Leader=[]byte(nil) Args=[]int{0, 1} Intermed=[]byte(nil))
(*parser.ControlEvent)(0xc0000e4740)(CTL: "\x0f" (0xf))
(*parser.TextEvent)(0xc000128640)({
 Text: ([]uint8) (len=1 cap=1) {
  00000000  5b                                                |[|
 }
})
(*parser.CSIEvent)(0xc0000de690)(CSI: SGR (0x6d) Leader=[]byte(nil) Args=[]int{90} Intermed=[]byte(nil))
(*parser.TextEvent)(0xc0001286e0)({
 Text: ([]uint8) (len=30 cap=30) {
  00000000  20 20 20 20 20 20 20 20  20 20 20 20 20 20 20 20  |                |
  00000010  20 20 20 20 20 20 20 20  20 20 30 2e 30 25        |          0.0%|
 }
})
(*parser.CSIEvent)(0xc0000de730)(CSI: SGR (0x6d) Leader=[]byte(nil) Args=[]int{39} Intermed=[]byte(nil))
(*parser.TextEvent)(0xc000128780)({
 Text: ([]uint8) (len=1 cap=1) {
  00000000  5d                                                |]|
 }
})
(*parser.CSIEvent)(0xc0000de7d0)(CSI: CUP (0x48) Leader=[]byte(nil) Args=[]int{6, 3} Intermed=[]byte(nil))
(*parser.CSIEvent)(0xc0000de820)(CSI: SGR (0x6d) Leader=[]byte(nil) Args=[]int{0} Intermed=[]byte(nil))
(*parser.ControlEvent)(0xc0000e4918)(CTL: "\x0f" (0xf))
(*parser.CSIEvent)(0xc0000de870)(CSI: SGR (0x6d) Leader=[]byte(nil) Args=[]int{36} Intermed=[]byte(nil))
(*parser.TextEvent)(0xc00000ccc0)({
 Text: ([]uint8) (len=3 cap=3) {
  00000000  4d 65 6d                                          |Mem|
 }
})
(*parser.CSIEvent)(0xc0000de8c0)(CSI: SGR (0x6d) Leader=[]byte(nil) Args=[]int{39} Intermed=[]byte(nil))
(*parser.CSIEvent)(0xc0000de910)(CSI: SGR (0x6d) Leader=[]byte(nil) Args=[]int{0, 1} Intermed=[]byte(nil))
(*parser.ControlEvent)(0xc0000e4a20)(CTL: "\x0f" (0xf))
(*parser.TextEvent)(0xc0001288a0)({
 Text: ([]uint8) (len=1 cap=1) {
  00000000  5b                                                |[|
 }
})
(*parser.CSIEvent)(0xc0000de9b0)(CSI: SGR (0x6d) Leader=[]byte(nil) Args=[]int{0} Intermed=[]byte(nil))
(*parser.ControlEvent)(0xc0000e4a98)(CTL: "\x0f" (0xf))
(*parser.CSIEvent)(0xc0000dea00)(CSI: SGR (0x6d) Leader=[]byte(nil) Args=[]int{32} Intermed=[]byte(nil))
(*parser.TextEvent)(0xc000128960)({
 Text: ([]uint8) (len=19 cap=19) {
  00000000  7c 7c 7c 7c 7c 7c 7c 7c  7c 7c 7c 7c 7c 7c 7c 7c  ||||||||||||||||||
  00000010  7c 7c 7c                                          |||||
 }
})
(*parser.CSIEvent)(0xc0000af0e0)(CSI: SGR (0x6d) Leader=[]byte(nil) Args=[]int{34} Intermed=[]byte(nil))
(*parser.TextEvent)(0xc0001289e0)({
 Text: ([]uint8) (len=3 cap=3) {
  00000000  39 2e 38                                          |9.8|
 }
})
(*parser.CSIEvent)(0xc0000af180)(CSI: SGR (0x6d) Leader=[]byte(nil) Args=[]int{33} Intermed=[]byte(nil))
(*parser.TextEvent)(0xc00000cde0)({
 Text: ([]uint8) (len=8 cap=8) {
  00000000  31 47 2f 31 36 2e 30 47                           |1G/16.0G|
 }
})
(*parser.CSIEvent)(0xc0000deaa0)(CSI: SGR (0x6d) Leader=[]byte(nil) Args=[]int{39} Intermed=[]byte(nil))
(*parser.CSIEvent)(0xc0000af220)(CSI: SGR (0x6d) Leader=[]byte(nil) Args=[]int{0, 1} Intermed=[]byte(nil))
(*parser.ControlEvent)(0xc000014fe0)(CTL: "\x0f" (0xf))
(*parser.TextEvent)(0xc00000cea0)({
 Text: ([]uint8) (len=1 cap=1) {
  00000000  5d                                                |]|
 }
})
(*parser.CSIEvent)(0xc0000deb40)(CSI: SGR (0x6d) Leader=[]byte(nil) Args=[]int(nil) Intermed=[]byte(nil))
(*parser.ControlEvent)(0xc000015019)(CTL: "\x0f" (0xf))
(*parser.TextEvent)(0xc00000cec0)({
 Text: ([]uint8) (len=3 cap=3) {
  00000000  20 20 20                                          |   |
 }
})
(*parser.CSIEvent)(0xc0000af2c0)(CSI: SGR (0x6d) Leader=[]byte(nil) Args=[]int{36} Intermed=[]byte(nil))
(*parser.TextEvent)(0xc00000cf60)({
 Text: ([]uint8) (len=7 cap=7) {
  00000000  54 61 73 6b 73 3a 20                              |Tasks: |
 }
})
(*parser.CSIEvent)(0xc0000af360)(CSI: SGR (0x6d) Leader=[]byte(nil) Args=[]int{0, 1} Intermed=[]byte(nil))
(*parser.ControlEvent)(0xc000015148)(CTL: "\x0f" (0xf))
(*parser.CSIEvent)(0xc0000af3b0)(CSI: SGR (0x6d) Leader=[]byte(nil) Args=[]int{36} Intermed=[]byte(nil))
(*parser.TextEvent)(0xc00000d020)({
 Text: ([]uint8) (len=3 cap=3) {
  00000000  36 34 39                                          |649|
 }
})
(*parser.CSIEvent)(0xc0000deb90)(CSI: SGR (0x6d) Leader=[]byte(nil) Args=[]int{0} Intermed=[]byte(nil))
(*parser.ControlEvent)(0xc0000e4ba8)(CTL: "\x0f" (0xf))
(*parser.CSIEvent)(0xc0000af450)(CSI: SGR (0x6d) Leader=[]byte(nil) Args=[]int{36} Intermed=[]byte(nil))
(*parser.TextEvent)(0xc00000d0e0)({
 Text: ([]uint8) (len=2 cap=2) {
  00000000  2c 20                                             |, |
 }
})
(*parser.CSIEvent)(0xc0000debe0)(CSI: SGR (0x6d) Leader=[]byte(nil) Args=[]int{0, 1} Intermed=[]byte(nil))
(*parser.ControlEvent)(0xc0000e4c18)(CTL: "\x0f" (0xf))
(*parser.CSIEvent)(0xc0000dec30)(CSI: SGR (0x6d) Leader=[]byte(nil) Args=[]int{32} Intermed=[]byte(nil))
(*parser.TextEvent)(0xc000128aa0)({
 Text: ([]uint8) (len=4 cap=4) {
  00000000  32 34 33 36                                       |2436|
 }
})
(*parser.CSIEvent)(0xc0000decd0)(CSI: SGR (0x6d) Leader=[]byte(nil) Args=[]int{0} Intermed=[]byte(nil))
(*parser.ControlEvent)(0xc0000e4ce8)(CTL: "\x0f" (0xf))
(*parser.CSIEvent)(0xc0000af4f0)(CSI: SGR (0x6d) Leader=[]byte(nil) Args=[]int{32} Intermed=[]byte(nil))
(*parser.TextEvent)(0xc000128b60)({
 Text: ([]uint8) (len=4 cap=4) {
  00000000  20 74 68 72                                       | thr|
 }
})
(*parser.CSIEvent)(0xc0000ded70)(CSI: SGR (0x6d) Leader=[]byte(nil) Args=[]int{36} Intermed=[]byte(nil))
(*parser.TextEvent)(0xc00000d160)({
 Text: ([]uint8) (len=2 cap=2) {
  00000000  3b 20                                             |; |
 }
})
(*parser.CSIEvent)(0xc0000af590)(CSI: SGR (0x6d) Leader=[]byte(nil) Args=[]int{0, 1} Intermed=[]byte(nil))
(*parser.ControlEvent)(0xc000015318)(CTL: "\x0f" (0xf))
(*parser.CSIEvent)(0xc0000dedc0)(CSI: SGR (0x6d) Leader=[]byte(nil) Args=[]int{32} Intermed=[]byte(nil))
(*parser.TextEvent)(0xc000128c20)({
 Text: ([]uint8) (len=1 cap=1) {
  00000000  31                                                |1|
 }
})
(*parser.CSIEvent)(0xc0000dee60)(CSI: SGR (0x6d) Leader=[]byte(nil) Args=[]int{0} Intermed=[]byte(nil))
(*parser.ControlEvent)(0xc0000e4e68)(CTL: "\x0f" (0xf))
(*parser.CSIEvent)(0xc0000deeb0)(CSI: SGR (0x6d) Leader=[]byte(nil) Args=[]int{36} Intermed=[]byte(nil))
(*parser.TextEvent)(0xc000128ce0)({
 Text: ([]uint8) (len=8 cap=8) {
  00000000  20 72 75 6e 6e 69 6e 67                           | running|
 }
})
(*parser.CSIEvent)(0xc0000def50)(CSI: CUP (0x48) Leader=[]byte(nil) Args=[]int{7, 3} Intermed=[]byte(nil))
(*parser.TextEvent)(0xc000128d80)({
 Text: ([]uint8) (len=3 cap=3) {
  00000000  53 77 70                                          |Swp|
 }
})
(*parser.CSIEvent)(0xc0000af630)(CSI: SGR (0x6d) Leader=[]byte(nil) Args=[]int{39} Intermed=[]byte(nil))
(*parser.CSIEvent)(0xc0000defa0)(CSI: SGR (0x6d) Leader=[]byte(nil) Args=[]int{0, 1} Intermed=[]byte(nil))
(*parser.ControlEvent)(0xc0000e4fb8)(CTL: "\x0f" (0xf))
(*parser.TextEvent)(0xc000128de0)({
 Text: ([]uint8) (len=1 cap=1) {
  00000000  5b                                                |[|
 }
})
(*parser.CSIEvent)(0xc0000deff0)(CSI: SGR (0x6d) Leader=[]byte(nil) Args=[]int{0} Intermed=[]byte(nil))
(*parser.ControlEvent)(0xc0000e5030)(CTL: "\x0f" (0xf))
(*parser.CSIEvent)(0xc0000df040)(CSI: SGR (0x6d) Leader=[]byte(nil) Args=[]int{31} Intermed=[]byte(nil))
(*parser.TextEvent)(0xc00000d2e0)({
 Text: ([]uint8) (len=24 cap=24) {
  00000000  7c 7c 7c 7c 7c 7c 7c 7c  7c 7c 7c 7c 7c 7c 7c 7c  ||||||||||||||||||
  00000010  7c 7c 7c 34 2e 37 34 47                           ||||4.74G|
 }
})
(*parser.CSIEvent)(0xc0000af720)(CSI: SGR (0x6d) Leader=[]byte(nil) Args=[]int{0, 1} Intermed=[]byte(nil))
(*parser.ControlEvent)(0xc000015468)(CTL: "\x0f" (0xf))
(*parser.CSIEvent)(0xc0000af770)(CSI: SGR (0x6d) Leader=[]byte(nil) Args=[]int{90} Intermed=[]byte(nil))
(*parser.TextEvent)(0xc00000d3a0)({
 Text: ([]uint8) (len=6 cap=6) {
  00000000  2f 36 2e 30 30 47                                 |/6.00G|
 }
})
(*parser.CSIEvent)(0xc0000af810)(CSI: SGR (0x6d) Leader=[]byte(nil) Args=[]int{39} Intermed=[]byte(nil))
(*parser.TextEvent)(0xc00000d440)({
 Text: ([]uint8) (len=1 cap=1) {
  00000000  5d                                                |]|
 }
})
(*parser.CSIEvent)(0xc0000af8b0)(CSI: SGR (0x6d) Leader=[]byte(nil) Args=[]int(nil) Intermed=[]byte(nil))
(*parser.ControlEvent)(0xc0000e50a8)(CTL: "\x0f" (0xf))
(*parser.TextEvent)(0xc000128e20)({
 Text: ([]uint8) (len=3 cap=3) {
  00000000  20 20 20                                          |   |
 }
})
(*parser.CSIEvent)(0xc0000df0e0)(CSI: SGR (0x6d) Leader=[]byte(nil) Args=[]int{36} Intermed=[]byte(nil))
(*parser.TextEvent)(0xc000128ec0)({
 Text: ([]uint8) (len=14 cap=14) {
  00000000  4c 6f 61 64 20 61 76 65  72 61 67 65 3a 20        |Load average: |
 }
})
(*parser.CSIEvent)(0xc0000af900)(CSI: SGR (0x6d) Leader=[]byte(nil) Args=[]int{39} Intermed=[]byte(nil))
(*parser.CSIEvent)(0xc0000df180)(CSI: SGR (0x6d) Leader=[]byte(nil) Args=[]int{0, 1} Intermed=[]byte(nil))
(*parser.ControlEvent)(0xc0000e51e8)(CTL: "\x0f" (0xf))
(*parser.TextEvent)(0xc000128f80)({
 Text: ([]uint8) (len=5 cap=5) {
  00000000  31 2e 37 38 20                                    |1.78 |
 }
})
(*parser.CSIEvent)(0xc0000af9a0)(CSI: SGR (0x6d) Leader=[]byte(nil) Args=[]int{36} Intermed=[]byte(nil))
(*parser.TextEvent)(0xc000128fa0)({
 Text: ([]uint8) (len=5 cap=5) {
  00000000  31 2e 39 30 20                                    |1.90 |
 }
})
(*parser.CSIEvent)(0xc0000df220)(CSI: SGR (0x6d) Leader=[]byte(nil) Args=[]int{0} Intermed=[]byte(nil))
(*parser.ControlEvent)(0xc000015630)(CTL: "\x0f" (0xf))
(*parser.CSIEvent)(0xc0000df270)(CSI: SGR (0x6d) Leader=[]byte(nil) Args=[]int{36} Intermed=[]byte(nil))
(*parser.TextEvent)(0xc000129040)({
 Text: ([]uint8) (len=5 cap=5) {
  00000000  31 2e 38 35 20                                    |1.85 |
 }
})
(*parser.CSIEvent)(0xc0000df310)(CSI: CUP (0x48) Leader=[]byte(nil) Args=[]int{8, 41} Intermed=[]byte(nil))
(*parser.TextEvent)(0xc0001290e0)({
 Text: ([]uint8) (len=8 cap=8) {
  00000000  55 70 74 69 6d 65 3a 20                           |Uptime: |
 }
})
(*parser.CSIEvent)(0xc0000df3b0)(CSI: SGR (0x6d) Leader=[]byte(nil) Args=[]int{0, 1} Intermed=[]byte(nil))
(*parser.ControlEvent)(0xc0000e5388)(CTL: "\x0f" (0xf))
(*parser.CSIEvent)(0xc0000af9f0)(CSI: SGR (0x6d) Leader=[]byte(nil) Args=[]int{36} Intermed=[]byte(nil))
(*parser.TextEvent)(0xc0001291a0)({
 Text: ([]uint8) (len=16 cap=16) {
  00000000  32 20 64 61 79 73 2c 20  30 32 3a 33 33 3a 30 37  |2 days, 02:33:07|
 }
})
(*parser.ControlEvent)(0xc0000e541b)(CTL: "\r" (0xd))
(*parser.CSIEvent)(0xc0000afa40)(CSI: VPA (0x64) Leader=[]byte(nil) Args=[]int{10} Intermed=[]byte(nil))
(*parser.CSIEvent)(0xc0000df450)(CSI: SGR (0x6d) Leader=[]byte(nil) Args=[]int{0} Intermed=[]byte(nil))
(*parser.ControlEvent)(0xc0000e5458)(CTL: "\x0f" (0xf))
(*parser.CSIEvent)(0xc0000df4a0)(CSI: SGR (0x6d) Leader=[]byte(nil) Args=[]int{30} Intermed=[]byte(nil))
(*parser.CSIEvent)(0xc0000df4f0)(CSI: SGR (0x6d) Leader=[]byte(nil) Args=[]int{42} Intermed=[]byte(nil))
(*parser.TextEvent)(0xc00000d560)({
 Text: ([]uint8) (len=38 cap=38) {
  00000000  20 20 50 49 44 20 55 53  45 52 20 20 20 20 20 20  |  PID USER      |
  00000010  50 52 49 20 20 4e 49 20  20 56 49 52 54 20 20 20  |PRI  NI  VIRT   |
  00000020  52 45 53 20 53 20                                 |RES S |
 }
})
(*parser.CSIEvent)(0xc0000df590)(CSI: SGR (0x6d) Leader=[]byte(nil) Args=[]int{30} Intermed=[]byte(nil))
(*parser.CSIEvent)(0xc0000afa90)(CSI: SGR (0x6d) Leader=[]byte(nil) Args=[]int{46} Intermed=[]byte(nil))
(*parser.TextEvent)(0xc000129340)({
 Text: ([]uint8) (len=5 cap=5) {
  00000000  43 50 55 25 20                                    |CPU% |
 }
})
(*parser.CSIEvent)(0xc0000df630)(CSI: SGR (0x6d) Leader=[]byte(nil) Args=[]int{30} Intermed=[]byte(nil))
(*parser.CSIEvent)(0xc0000df680)(CSI: SGR (0x6d) Leader=[]byte(nil) Args=[]int{42} Intermed=[]byte(nil))
(*parser.TextEvent)(0xc000129400)({
 Text: ([]uint8) (len=37 cap=37) {
  00000000  4d 45 4d 25 20 20 20 54  49 4d 45 2b 20 20 43 6f  |MEM%   TIME+  Co|
  00000010  6d 6d 61 6e 64 20 20 20  20 20 20 20 20 20 20 20  |mmand           |
  00000020  20 20 20 20 20                                    |     |
 }
})
(*parser.CSIEvent)(0xc0000df720)(CSI: CUP (0x48) Leader=[]byte(nil) Args=[]int{11, 1} Intermed=[]byte(nil))
(*parser.CSIEvent)(0xc0000df770)(CSI: SGR (0x6d) Leader=[]byte(nil) Args=[]int{30} Intermed=[]byte(nil))
(*parser.CSIEvent)(0xc0000df7c0)(CSI: SGR (0x6d) Leader=[]byte(nil) Args=[]int{46} Intermed=[]byte(nil))
(*parser.TextEvent)(0xc00000d580)({
 Text: ([]uint8) (len=80 cap=80) {
  00000000  38 30 34 34 38 20 65 76  61 6e 20 20 20 20 20 20  |80448 evan      |
  00000010  20 31 37 20 20 20 30 20  34 32 33 32 4d 20 20 32  | 17   0 4232M  2|
  00000020  34 37 36 20 52 20 39 38  2e 33 20 20 30 2e 30 20  |476 R 98.3  0.0 |
  00000030  20 30 3a 30 30 2e 30 33  20 68 74 6f 70 20 20 20  | 0:00.03 htop   |
  00000040  20 20 20 20 20 20 20 20  20 20 20 20 20 20 20 20  |                |
 }
})
(*parser.CSIEvent)(0xc0000df860)(CSI: CUP (0x48) Leader=[]byte(nil) Args=[]int{12, 2} Intermed=[]byte(nil))
(*parser.CSIEvent)(0xc0000df8b0)(CSI: SGR (0x6d) Leader=[]byte(nil) Args=[]int{39, 49} Intermed=[]byte(nil))
(*parser.CSIEvent)(0xc0000afae0)(CSI: SGR (0x6d) Leader=[]byte(nil) Args=[]int(nil) Intermed=[]byte(nil))
(*parser.ControlEvent)(0xc0000e57a8)(CTL: "\x0f" (0xf))
(*parser.TextEvent)(0xc000129580)({
 Text: ([]uint8) (len=9 cap=9) {
  00000000  33 34 30 32 20 65 76 61  6e                       |3402 evan|
 }
})
(*parser.CSIEvent)(0xc0000df950)(CSI: CHA (0x47) Leader=[]byte(nil) Args=[]int{18} Intermed=[]byte(nil))
(*parser.TextEvent)(0xc000129620)({
 Text: ([]uint8) (len=7 cap=7) {
  00000000  31 37 20 20 20 30 20                              |17   0 |
 }
})
(*parser.CSIEvent)(0xc0000df9f0)(CSI: SGR (0x6d) Leader=[]byte(nil) Args=[]int{36} Intermed=[]byte(nil))
(*parser.TextEvent)(0xc0001296c0)({
 Text: ([]uint8) (len=8 cap=8) {
  00000000  34 35 34 33 4d 20 32 30                           |4543M 20|
 }
})
(*parser.CSIEvent)(0xc0000dfa90)(CSI: SGR (0x6d) Leader=[]byte(nil) Args=[]int{39} Intermed=[]byte(nil))
(*parser.CSIEvent)(0xc0000dfae0)(CSI: SGR (0x6d) Leader=[]byte(nil) Args=[]int(nil) Intermed=[]byte(nil))
(*parser.ControlEvent)(0xc0000e5969)(CTL: "\x0f" (0xf))
(*parser.TextEvent)(0xc000129760)({
 Text: ([]uint8) (len=48 cap=48) {
  00000000  32 32 34 20 3f 20 20 31  2e 31 20 20 30 2e 31 20  |224 ?  1.1  0.1 |
  00000010  20 31 3a 35 31 2e 34 37  20 2f 75 73 72 2f 6c 6f  | 1:51.47 /usr/lo|
  00000020  63 61 6c 2f 62 69 6e 2f  6e 6f 64 65 20 2d 2d 6e  |cal/bin/node --n|
 }
})
(*parser.CSIEvent)(0xc0000dfb80)(CSI: CUP (0x48) Leader=[]byte(nil) Args=[]int{13, 1} Intermed=[]byte(nil))
(*parser.TextEvent)(0xc000129800)({
 Text: ([]uint8) (len=10 cap=10) {
  00000000  38 30 34 34 37 20 65 76  61 6e                    |80447 evan|
 }
})
(*parser.CSIEvent)(0xc0000dfc20)(CSI: CHA (0x47) Leader=[]byte(nil) Args=[]int{18} Intermed=[]byte(nil))
(*parser.TextEvent)(0xc0001298a0)({
 Text: ([]uint8) (len=7 cap=7) {
  00000000  32 35 20 20 20 30 20                              |25   0 |
 }
})
(*parser.CSIEvent)(0xc0000dfcc0)(CSI: SGR (0x6d) Leader=[]byte(nil) Args=[]int{36} Intermed=[]byte(nil))
(*parser.TextEvent)(0xc000129920)({
 Text: ([]uint8) (len=8 cap=8) {
  00000000  34 32 37 32 4d 20 20 32                           |4272M  2|
 }
})
(*parser.CSIEvent)(0xc0000dfd60)(CSI: SGR (0x6d) Leader=[]byte(nil) Args=[]int{39} Intermed=[]byte(nil))
(*parser.CSIEvent)(0xc0000dfdb0)(CSI: SGR (0x6d) Leader=[]byte(nil) Args=[]int(nil) Intermed=[]byte(nil))
(*parser.ControlEvent)(0xc0000e5bb9)(CTL: "\x0f" (0xf))
(*parser.TextEvent)(0xc0001299c0)({
 Text: ([]uint8) (len=48 cap=48) {
  00000000  38 31 32 20 3f 20 20 30  2e 30 20 20 30 2e 30 20  |812 ?  0.0  0.0 |
  00000010  20 30 3a 30 30 2e 30 32  20 2f 76 61 72 2f 66 6f  | 0:00.02 /var/fo|
  00000020  6c 64 65 72 73 2f 35 78  2f 33 77 6b 6c 73 6e 7a  |lders/5x/3wklsnz|
 }
})
(*parser.CSIEvent)(0xc0000dfe50)(CSI: CUP (0x48) Leader=[]byte(nil) Args=[]int{14, 1} Intermed=[]byte(nil))
(*parser.TextEvent)(0xc000129a60)({
 Text: ([]uint8) (len=10 cap=10) {
  00000000  38 30 34 33 31 20 65 76  61 6e                    |80431 evan|
 }
})
(*parser.CSIEvent)(0xc0000dfef0)(CSI: CHA (0x47) Leader=[]byte(nil) Args=[]int{18} Intermed=[]byte(nil))
(*parser.TextEvent)(0xc000129b00)({
 Text: ([]uint8) (len=7 cap=7) {
  00000000  33 32 20 20 20 30 20                              |32   0 |
 }
})
(*parser.CSIEvent)(0xc0000dff90)(CSI: SGR (0x6d) Leader=[]byte(nil) Args=[]int{36} Intermed=[]byte(nil))
(*parser.TextEvent)(0xc000129ba0)({
 Text: ([]uint8) (len=8 cap=8) {
  00000000  34 33 35 34 4d 20 31 34                           |4354M 14|
 }
})
(*parser.CSIEvent)(0xc0000afb30)(CSI: SGR (0x6d) Leader=[]byte(nil) Args=[]int{39} Intermed=[]byte(nil))
(*parser.CSIEvent)(0xc000154050)(CSI: SGR (0x6d) Leader=[]byte(nil) Args=[]int(nil) Intermed=[]byte(nil))
(*parser.ControlEvent)(0xc0000e5e01)(CTL: "\x0f" (0xf))
(*parser.TextEvent)(0xc000129c40)({
 Text: ([]uint8) (len=48 cap=48) {
  00000000  39 38 30 20 3f 20 20 30  2e 30 20 20 30 2e 31 20  |980 ?  0.0  0.1 |
  00000010  20 30 3a 30 30 2e 34 32  20 67 6f 20 72 75 6e 20  | 0:00.42 go run |
  00000020  72 65 63 6f 72 64 65 72  2e 67 6f 20 74 6f 70 2e  |recorder.go top.|
 }
})
(*parser.CSIEvent)(0xc0001540f0)(CSI: CUP (0x48) Leader=[]byte(nil) Args=[]int{15, 1} Intermed=[]byte(nil))
(*parser.TextEvent)(0xc000129ce0)({
 Text: ([]uint8) (len=6 cap=6) {
  00000000  38 30 34 31 32 20                                 |80412 |
 }
})
(*parser.CSIEvent)(0xc0000afbd0)(CSI: SGR (0x6d) Leader=[]byte(nil) Args=[]int{0, 1} Intermed=[]byte(nil))
(*parser.ControlEvent)(0xc0000e5ef0)(CTL: "\x0f" (0xf))
(*parser.CSIEvent)(0xc0000afc20)(CSI: SGR (0x6d) Leader=[]byte(nil) Args=[]int{90} Intermed=[]byte(nil))
(*parser.TextEvent)(0xc00000d660)({
 Text: ([]uint8) (len=10 cap=10) {
  00000000  72 6f 6f 74 20 20 20 20  20 20                    |root      |
 }
})
(*parser.CSIEvent)(0xc0000afcc0)(CSI: SGR (0x6d) Leader=[]byte(nil) Args=[]int{39} Intermed=[]byte(nil))
(*parser.CSIEvent)(0xc000154140)(CSI: SGR (0x6d) Leader=[]byte(nil) Args=[]int(nil) Intermed=[]byte(nil))
(*parser.ControlEvent)(0xc000015921)(CTL: "\x0f" (0xf))
(*parser.TextEvent)(0xc00000d700)({
 Text: ([]uint8) (len=54 cap=54) {
  00000000  20 31 37 20 20 20 30 20  20 20 20 20 30 20 20 20  | 17   0     0   |
  00000010  20 20 30 20 3f 20 20 30  2e 30 20 20 30 2e 30 20  |  0 ?  0.0  0.0 |
  00000020  20 30 3a 30 30 2e 30 30  20 4d 61 6e 61 67 65 64  | 0:00.00 Managed|
  00000030  43 6c 69 65 6e 74                                 |Client|
 }
})
(*parser.ControlEvent)(0xc00001597b)(CTL: "\r" (0xd))
(*parser.CSIEvent)(0xc0000afd60)(CSI: VPA (0x64) Leader=[]byte(nil) Args=[]int{16} Intermed=[]byte(nil))
(*parser.TextEvent)(0xc00000d7a0)({
 Text: ([]uint8) (len=6 cap=6) {
  00000000  38 30 34 31 31 20                                 |80411 |
 }
})
(*parser.CSIEvent)(0xc0000afe00)(CSI: SGR (0x6d) Leader=[]byte(nil) Args=[]int{0, 1} Intermed=[]byte(nil))
(*parser.ControlEvent)(0xc000015a68)(CTL: "\x0f" (0xf))
(*parser.CSIEvent)(0xc0000afe50)(CSI: SGR (0x6d) Leader=[]byte(nil) Args=[]int{90} Intermed=[]byte(nil))
(*parser.TextEvent)(0xc000129d00)({
 Text: ([]uint8) (len=10 cap=10) {
  00000000  72 6f 6f 74 20 20 20 20  20 20                    |root      |
 }
})
(*parser.CSIEvent)(0xc0000afef0)(CSI: SGR (0x6d) Leader=[]byte(nil) Args=[]int{39} Intermed=[]byte(nil))
(*parser.CSIEvent)(0xc0000aff40)(CSI: SGR (0x6d) Leader=[]byte(nil) Args=[]int(nil) Intermed=[]byte(nil))
(*parser.ControlEvent)(0xc000015b21)(CTL: "\x0f" (0xf))
(*parser.TextEvent)(0xc00000d8c0)({
 Text: ([]uint8) (len=50 cap=50) {
  00000000  20 31 37 20 20 20 30 20  20 20 20 20 30 20 20 20  | 17   0     0   |
  00000010  20 20 30 20 3f 20 20 30  2e 30 20 20 30 2e 30 20  |  0 ?  0.0  0.0 |
  00000020  20 30 3a 30 30 2e 30 30  20 6d 64 6d 63 6c 69 65  | 0:00.00 mdmclie|
  00000030  6e 74                                             |nt|
 }
})
(*parser.ControlEvent)(0xc000015b8b)(CTL: "\r" (0xd))
(*parser.CSIEvent)(0xc00015a000)(CSI: VPA (0x64) Leader=[]byte(nil) Args=[]int{17} Intermed=[]byte(nil))
(*parser.TextEvent)(0xc00000d960)({
 Text: ([]uint8) (len=6 cap=6) {
  00000000  38 30 32 34 33 20                                 |80243 |
 }
})
(*parser.CSIEvent)(0xc00015a0a0)(CSI: SGR (0x6d) Leader=[]byte(nil) Args=[]int{0, 1} Intermed=[]byte(nil))
(*parser.ControlEvent)(0xc000015c88)(CTL: "\x0f" (0xf))
(*parser.CSIEvent)(0xc00015a0f0)(CSI: SGR (0x6d) Leader=[]byte(nil) Args=[]int{90} Intermed=[]byte(nil))
(*parser.TextEvent)(0xc00000da20)({
 Text: ([]uint8) (len=10 cap=10) {
  00000000  72 6f 6f 74 20 20 20 20  20 20                    |root      |
 }
})
(*parser.CSIEvent)(0xc00015a190)(CSI: SGR (0x6d) Leader=[]byte(nil) Args=[]int{39} Intermed=[]byte(nil))
(*parser.CSIEvent)(0xc000154190)(CSI: SGR (0x6d) Leader=[]byte(nil) Args=[]int(nil) Intermed=[]byte(nil))
(*parser.ControlEvent)(0xc000015d61)(CTL: "\x0f" (0xf))
(*parser.TextEvent)(0xc00000dac0)({
 Text: ([]uint8) (len=45 cap=45) {
  00000000  20 31 37 20 20 20 30 20  20 20 20 20 30 20 20 20  | 17   0     0   |
  00000010  20 20 30 20 3f 20 20 30  2e 30 20 20 30 2e 30 20  |  0 ?  0.0  0.0 |
  00000020  20 30 3a 30 30 2e 30 30  20 6a 61 6d 66           | 0:00.00 jamf|
 }
})
(*parser.ControlEvent)(0xc0000e5f4d)(CTL: "\r" (0xd))
(*parser.CSIEvent)(0xc000154230)(CSI: VPA (0x64) Leader=[]byte(nil) Args=[]int{18} Intermed=[]byte(nil))
(*parser.TextEvent)(0xc000129dc0)({
 Text: ([]uint8) (len=10 cap=10) {
  00000000  38 30 30 36 39 20 65 76  61 6e                    |80069 evan|
 }
})
(*parser.CSIEvent)(0xc00015a1e0)(CSI: CHA (0x47) Leader=[]byte(nil) Args=[]int{18} Intermed=[]byte(nil))
(*parser.TextEvent)(0xc000129e60)({
 Text: ([]uint8) (len=7 cap=7) {
  00000000  31 37 20 20 20 30 20                              |17   0 |
 }
})
(*parser.CSIEvent)(0xc000154320)(CSI: SGR (0x6d) Leader=[]byte(nil) Args=[]int{36} Intermed=[]byte(nil))
(*parser.TextEvent)(0xc00000dae0)({
 Text: ([]uint8) (len=8 cap=8) {
  00000000  34 32 35 36 4d 20 31 34                           |4256M 14|
 }
})
(*parser.CSIEvent)(0xc0001543c0)(CSI: SGR (0x6d) Leader=[]byte(nil) Args=[]int{39} Intermed=[]byte(nil))
(*parser.CSIEvent)(0xc000154410)(CSI: SGR (0x6d) Leader=[]byte(nil) Args=[]int(nil) Intermed=[]byte(nil))
(*parser.ControlEvent)(0xc00015c0f1)(CTL: "\x0f" (0xf))
(*parser.TextEvent)(0xc000129f80)({
 Text: ([]uint8) (len=48 cap=48) {
  00000000  38 32 30 20 3f 20 20 30  2e 30 20 20 30 2e 31 20  |820 ?  0.0  0.1 |
  00000010  20 30 3a 30 30 2e 32 35  20 2f 53 79 73 74 65 6d  | 0:00.25 /System|
  00000020  2f 4c 69 62 72 61 72 79  2f 46 72 61 6d 65 77 6f  |/Library/Framewo|
 }
})
(*parser.CSIEvent)(0xc0001544b0)(CSI: CUP (0x48) Leader=[]byte(nil) Args=[]int{19, 1} Intermed=[]byte(nil))
(*parser.TextEvent)(0xc000160020)({
 Text: ([]uint8) (len=10 cap=10) {
  00000000  38 30 30 36 38 20 65 76  61 6e                    |80068 evan|
 }
})
(*parser.CSIEvent)(0xc000154550)(CSI: CHA (0x47) Leader=[]byte(nil) Args=[]int{18} Intermed=[]byte(nil))
(*parser.TextEvent)(0xc0001600c0)({
 Text: ([]uint8) (len=7 cap=7) {
  00000000  31 37 20 20 20 30 20                              |17   0 |
 }
})
(*parser.CSIEvent)(0xc00015a230)(CSI: SGR (0x6d) Leader=[]byte(nil) Args=[]int{36} Intermed=[]byte(nil))
(*parser.TextEvent)(0xc00000db20)({
 Text: ([]uint8) (len=8 cap=8) {
  00000000  34 32 35 36 4d 20 31 35                           |4256M 15|
 }
})
(*parser.CSIEvent)(0xc00015a2d0)(CSI: SGR (0x6d) Leader=[]byte(nil) Args=[]int{39} Intermed=[]byte(nil))
(*parser.CSIEvent)(0xc00015a320)(CSI: SGR (0x6d) Leader=[]byte(nil) Args=[]int(nil) Intermed=[]byte(nil))
(*parser.ControlEvent)(0xc000015f51)(CTL: "\x0f" (0xf))
(*parser.TextEvent)(0xc000160140)({
 Text: ([]uint8) (len=48 cap=48) {
  00000000  33 32 30 20 3f 20 20 30  2e 30 20 20 30 2e 31 20  |320 ?  0.0  0.1 |
  00000010  20 30 3a 30 30 2e 32 39  20 2f 53 79 73 74 65 6d  | 0:00.29 /System|
  00000020  2f 4c 69 62 72 61 72 79  2f 46 72 61 6d 65 77 6f  |/Library/Framewo|
 }
})
(*parser.CSIEvent)(0xc000154640)(CSI: CUP (0x48) Leader=[]byte(nil) Args=[]int{20, 1} Intermed=[]byte(nil))
(*parser.TextEvent)(0xc0001601e0)({
 Text: ([]uint8) (len=10 cap=10) {
  00000000  38 30 30 36 37 20 65 76  61 6e                    |80067 evan|
 }
})
(*parser.CSIEvent)(0xc0001546e0)(CSI: CHA (0x47) Leader=[]byte(nil) Args=[]int{18} Intermed=[]byte(nil))
(*parser.TextEvent)(0xc000160280)({
 Text: ([]uint8) (len=7 cap=7) {
  00000000  31 37 20 20 20 30 20                              |17   0 |
 }
})
(*parser.CSIEvent)(0xc000154780)(CSI: SGR (0x6d) Leader=[]byte(nil) Args=[]int{36} Intermed=[]byte(nil))
(*parser.TextEvent)(0xc000160320)({
 Text: ([]uint8) (len=8 cap=8) {
  00000000  34 32 35 37 4d 20 31 37                           |4257M 17|
 }
})
(*parser.CSIEvent)(0xc000154820)(CSI: SGR (0x6d) Leader=[]byte(nil) Args=[]int{39} Intermed=[]byte(nil))
(*parser.CSIEvent)(0xc000154870)(CSI: SGR (0x6d) Leader=[]byte(nil) Args=[]int(nil) Intermed=[]byte(nil))
(*parser.ControlEvent)(0xc00015c439)(CTL: "\x0f" (0xf))
(*parser.TextEvent)(0xc00000dbc0)({
 Text: ([]uint8) (len=48 cap=48) {
  00000000  33 34 30 20 3f 20 20 30  2e 30 20 20 30 2e 31 20  |340 ?  0.0  0.1 |
  00000010  20 30 3a 30 30 2e 33 31  20 2f 53 79 73 74 65 6d  | 0:00.31 /System|
  00000020  2f 4c 69 62 72 61 72 79  2f 46 72 61 6d 65 77 6f  |/Library/Framewo|
 }
})
(*parser.CSIEvent)(0xc000154910)(CSI: CUP (0x48) Leader=[]byte(nil) Args=[]int{21, 1} Intermed=[]byte(nil))
(*parser.TextEvent)(0xc00000dbe0)({
 Text: ([]uint8) (len=10 cap=10) {
  00000000  38 30 30 35 31 20 65 76  61 6e                    |80051 evan|
 }
})
(*parser.CSIEvent)(0xc00015a3c0)(CSI: CHA (0x47) Leader=[]byte(nil) Args=[]int{18} Intermed=[]byte(nil))
(*parser.TextEvent)(0xc000160460)({
 Text: ([]uint8) (len=7 cap=7) {
  00000000  31 37 20 20 20 30 20                              |17   0 |
 }
})
(*parser.CSIEvent)(0xc0001549b0)(CSI: SGR (0x6d) Leader=[]byte(nil) Args=[]int{36} Intermed=[]byte(nil))
(*parser.TextEvent)(0xc00000dc80)({
 Text: ([]uint8) (len=8 cap=8) {
  00000000  34 32 35 37 4d 20 20 35                           |4257M  5|
 }
})
(*parser.CSIEvent)(0xc000154a50)(CSI: SGR (0x6d) Leader=[]byte(nil) Args=[]int{39} Intermed=[]byte(nil))
(*parser.CSIEvent)(0xc000154aa0)(CSI: SGR (0x6d) Leader=[]byte(nil) Args=[]int(nil) Intermed=[]byte(nil))
(*parser.ControlEvent)(0xc00015c649)(CTL: "\x0f" (0xf))
(*parser.TextEvent)(0xc000160560)({
 Text: ([]uint8) (len=48 cap=48) {
  00000000  31 32 34 20 3f 20 20 30  2e 30 20 20 30 2e 30 20  |124 ?  0.0  0.0 |
  00000010  20 30 3a 30 30 2e 30 36  20 2f 53 79 73 74 65 6d  | 0:00.06 /System|
  00000020  2f 4c 69 62 72 61 72 79  2f 46 72 61 6d 65 77 6f  |/Library/Framewo|
 }
})
(*parser.CSIEvent)(0xc000154b40)(CSI: CUP (0x48) Leader=[]byte(nil) Args=[]int{22, 1} Intermed=[]byte(nil))
(*parser.TextEvent)(0xc000160600)({
 Text: ([]uint8) (len=10 cap=10) {
  00000000  37 39 39 35 35 20 65 76  61 6e                    |79955 evan|
 }
})
(*parser.CSIEvent)(0xc000154be0)(CSI: CHA (0x47) Leader=[]byte(nil) Args=[]int{18} Intermed=[]byte(nil))
(*parser.TextEvent)(0xc0001606a0)({
 Text: ([]uint8) (len=7 cap=7) {
  00000000  31 37 20 20 20 30 20                              |17   0 |
 }
})
(*parser.CSIEvent)(0xc000154c80)(CSI: SGR (0x6d) Leader=[]byte(nil) Args=[]int{36} Intermed=[]byte(nil))
(*parser.TextEvent)(0xc00000dca0)({
 Text: ([]uint8) (len=8 cap=8) {
  00000000  34 32 36 37 4d 20 31 35                           |4267M 15|
 }
})
(*parser.CSIEvent)(0xc00015a410)(CSI: SGR (0x6d) Leader=[]byte(nil) Args=[]int{39} Intermed=[]byte(nil))
(*parser.CSIEvent)(0xc00015a460)(CSI: SGR (0x6d) Leader=[]byte(nil) Args=[]int(nil) Intermed=[]byte(nil))
(*parser.ControlEvent)(0xc000162071)(CTL: "\x0f" (0xf))
(*parser.TextEvent)(0xc00000dce0)({
 Text: ([]uint8) (len=48 cap=48) {
  00000000  37 31 32 20 3f 20 20 30  2e 30 20 20 30 2e 31 20  |712 ?  0.0  0.1 |
  00000010  20 30 3a 30 30 2e 31 32  20 2f 53 79 73 74 65 6d  | 0:00.12 /System|
  00000020  2f 4c 69 62 72 61 72 79  2f 46 72 61 6d 65 77 6f  |/Library/Framewo|
 }
})
(*parser.CSIEvent)(0xc000154d70)(CSI: CUP (0x48) Leader=[]byte(nil) Args=[]int{23, 1} Intermed=[]byte(nil))
(*parser.TextEvent)(0xc000160820)({
 Text: ([]uint8) (len=10 cap=10) {
  00000000  37 39 31 39 38 20 65 76  61 6e                    |79198 evan|
 }
})
(*parser.CSIEvent)(0xc000154e10)(CSI: CHA (0x47) Leader=[]byte(nil) Args=[]int{18} Intermed=[]byte(nil))
(*parser.TextEvent)(0xc0001608c0)({
 Text: ([]uint8) (len=7 cap=7) {
  00000000  31 37 20 20 20 30 20                              |17   0 |
 }
})
(*parser.CSIEvent)(0xc000154eb0)(CSI: SGR (0x6d) Leader=[]byte(nil) Args=[]int{36} Intermed=[]byte(nil))
(*parser.TextEvent)(0xc000160940)({
 Text: ([]uint8) (len=8 cap=8) {
  00000000  34 32 37 37 4d 20 20 39                           |4277M  9|
 }
})
(*parser.CSIEvent)(0xc000154f50)(CSI: SGR (0x6d) Leader=[]byte(nil) Args=[]int{39} Intermed=[]byte(nil))
(*parser.CSIEvent)(0xc000154fa0)(CSI: SGR (0x6d) Leader=[]byte(nil) Args=[]int(nil) Intermed=[]byte(nil))
(*parser.ControlEvent)(0xc00015ca99)(CTL: "\x0f" (0xf))
(*parser.TextEvent)(0xc0001609e0)({
 Text: ([]uint8) (len=48 cap=48) {
  00000000  32 38 30 20 3f 20 20 30  2e 30 20 20 30 2e 31 20  |280 ?  0.0  0.1 |
  00000010  20 30 3a 30 30 2e 32 34  20 2f 53 79 73 74 65 6d  | 0:00.24 /System|
  00000020  2f 4c 69 62 72 61 72 79  2f 50 72 69 76 61 74 65  |/Library/Private|
 }
})
(*parser.CSIEvent)(0xc00015a500)(CSI: CUP (0x48) Leader=[]byte(nil) Args=[]int{24, 1} Intermed=[]byte(nil))
(*parser.TextEvent)(0xc00000dda0)({
 Text: ([]uint8) (len=2 cap=2) {
  00000000  46 31                                             |F1|
 }
})
(*parser.CSIEvent)(0xc000155040)(CSI: SGR (0x6d) Leader=[]byte(nil) Args=[]int{30} Intermed=[]byte(nil))
(*parser.CSIEvent)(0xc000155090)(CSI: SGR (0x6d) Leader=[]byte(nil) Args=[]int{46} Intermed=[]byte(nil))
(*parser.TextEvent)(0xc000160aa0)({
 Text: ([]uint8) (len=6 cap=6) {
  00000000  48 65 6c 70 20 20                                 |Help  |
 }
})
(*parser.CSIEvent)(0xc00015a550)(CSI: SGR (0x6d) Leader=[]byte(nil) Args=[]int{39, 49} Intermed=[]byte(nil))
(*parser.CSIEvent)(0xc000155130)(CSI: SGR (0x6d) Leader=[]byte(nil) Args=[]int(nil) Intermed=[]byte(nil))
(*parser.ControlEvent)(0xc000162179)(CTL: "\x0f" (0xf))
(*parser.TextEvent)(0xc000160b20)({
 Text: ([]uint8) (len=2 cap=2) {
  00000000  46 32                                             |F2|
 }
})
(*parser.CSIEvent)(0xc0001551d0)(CSI: SGR (0x6d) Leader=[]byte(nil) Args=[]int{30} Intermed=[]byte(nil))
(*parser.CSIEvent)(0xc000155220)(CSI: SGR (0x6d) Leader=[]byte(nil) Args=[]int{46} Intermed=[]byte(nil))
(*parser.TextEvent)(0xc000160bc0)({
 Text: ([]uint8) (len=6 cap=6) {
  00000000  53 65 74 75 70 20                                 |Setup |
 }
})
(*parser.CSIEvent)(0xc0001552c0)(CSI: SGR (0x6d) Leader=[]byte(nil) Args=[]int{39, 49} Intermed=[]byte(nil))
(*parser.CSIEvent)(0xc000155310)(CSI: SGR (0x6d) Leader=[]byte(nil) Args=[]int(nil) Intermed=[]byte(nil))
(*parser.ControlEvent)(0xc00015cd09)(CTL: "\x0f" (0xf))
(*parser.TextEvent)(0xc000160c60)({
 Text: ([]uint8) (len=2 cap=2) {
  00000000  46 33                                             |F3|
 }
})
(*parser.CSIEvent)(0xc0001553b0)(CSI: SGR (0x6d) Leader=[]byte(nil) Args=[]int{30} Intermed=[]byte(nil))
(*parser.CSIEvent)(0xc000155400)(CSI: SGR (0x6d) Leader=[]byte(nil) Args=[]int{46} Intermed=[]byte(nil))
(*parser.TextEvent)(0xc000160d20)({
 Text: ([]uint8) (len=6 cap=6) {
  00000000  53 65 61 72 63 68                                 |Search|
 }
})
(*parser.CSIEvent)(0xc0001554a0)(CSI: SGR (0x6d) Leader=[]byte(nil) Args=[]int{39, 49} Intermed=[]byte(nil))
(*parser.CSIEvent)(0xc0001554f0)(CSI: SGR (0x6d) Leader=[]byte(nil) Args=[]int(nil) Intermed=[]byte(nil))
(*parser.ControlEvent)(0xc00015ce71)(CTL: "\x0f" (0xf))
(*parser.TextEvent)(0xc000160dc0)({
 Text: ([]uint8) (len=2 cap=2) {
  00000000  46 34                                             |F4|
 }
})
(*parser.CSIEvent)(0xc000155590)(CSI: SGR (0x6d) Leader=[]byte(nil) Args=[]int{30} Intermed=[]byte(nil))
(*parser.CSIEvent)(0xc0001555e0)(CSI: SGR (0x6d) Leader=[]byte(nil) Args=[]int{46} Intermed=[]byte(nil))
(*parser.TextEvent)(0xc000160e80)({
 Text: ([]uint8) (len=6 cap=6) {
  00000000  46 69 6c 74 65 72                                 |Filter|
 }
})
(*parser.CSIEvent)(0xc000155680)(CSI: SGR (0x6d) Leader=[]byte(nil) Args=[]int{39, 49} Intermed=[]byte(nil))
(*parser.CSIEvent)(0xc0001556d0)(CSI: SGR (0x6d) Leader=[]byte(nil) Args=[]int(nil) Intermed=[]byte(nil))
(*parser.ControlEvent)(0xc00015cff1)(CTL: "\x0f" (0xf))
(*parser.TextEvent)(0xc000160f20)({
 Text: ([]uint8) (len=2 cap=2) {
  00000000  46 35                                             |F5|
 }
})
(*parser.CSIEvent)(0xc000155770)(CSI: SGR (0x6d) Leader=[]byte(nil) Args=[]int{30} Intermed=[]byte(nil))
(*parser.CSIEvent)(0xc0001557c0)(CSI: SGR (0x6d) Leader=[]byte(nil) Args=[]int{46} Intermed=[]byte(nil))
(*parser.TextEvent)(0xc000160fe0)({
 Text: ([]uint8) (len=6 cap=6) {
  00000000  54 72 65 65 20 20                                 |Tree  |
 }
})
(*parser.CSIEvent)(0xc000155860)(CSI: SGR (0x6d) Leader=[]byte(nil) Args=[]int{39, 49} Intermed=[]byte(nil))
(*parser.CSIEvent)(0xc0001558b0)(CSI: SGR (0x6d) Leader=[]byte(nil) Args=[]int(nil) Intermed=[]byte(nil))
(*parser.ControlEvent)(0xc00015d169)(CTL: "\x0f" (0xf))
(*parser.TextEvent)(0xc000161080)({
 Text: ([]uint8) (len=2 cap=2) {
  00000000  46 36                                             |F6|
 }
})
(*parser.CSIEvent)(0xc000155950)(CSI: SGR (0x6d) Leader=[]byte(nil) Args=[]int{30} Intermed=[]byte(nil))
(*parser.CSIEvent)(0xc0001559a0)(CSI: SGR (0x6d) Leader=[]byte(nil) Args=[]int{46} Intermed=[]byte(nil))
(*parser.TextEvent)(0xc000161140)({
 Text: ([]uint8) (len=6 cap=6) {
  00000000  53 6f 72 74 42 79                                 |SortBy|
 }
})
(*parser.CSIEvent)(0xc00015a5f0)(CSI: SGR (0x6d) Leader=[]byte(nil) Args=[]int{39, 49} Intermed=[]byte(nil))
(*parser.CSIEvent)(0xc00015a640)(CSI: SGR (0x6d) Leader=[]byte(nil) Args=[]int(nil) Intermed=[]byte(nil))
(*parser.ControlEvent)(0xc000162239)(CTL: "\x0f" (0xf))
(*parser.TextEvent)(0xc00000de80)({
 Text: ([]uint8) (len=2 cap=2) {
  00000000  46 37                                             |F7|
 }
})
(*parser.CSIEvent)(0xc000155a40)(CSI: SGR (0x6d) Leader=[]byte(nil) Args=[]int{30} Intermed=[]byte(nil))
(*parser.CSIEvent)(0xc000155a90)(CSI: SGR (0x6d) Leader=[]byte(nil) Args=[]int{46} Intermed=[]byte(nil))
(*parser.TextEvent)(0xc000161200)({
 Text: ([]uint8) (len=6 cap=6) {
  00000000  4e 69 63 65 20 2d                                 |Nice -|
 }
})
(*parser.CSIEvent)(0xc000155b30)(CSI: SGR (0x6d) Leader=[]byte(nil) Args=[]int{39, 49} Intermed=[]byte(nil))
(*parser.CSIEvent)(0xc000155b80)(CSI: SGR (0x6d) Leader=[]byte(nil) Args=[]int(nil) Intermed=[]byte(nil))
(*parser.ControlEvent)(0xc00015d381)(CTL: "\x0f" (0xf))
(*parser.TextEvent)(0xc0001612a0)({
 Text: ([]uint8) (len=2 cap=2) {
  00000000  46 38                                             |F8|
 }
})
(*parser.CSIEvent)(0xc000155c20)(CSI: SGR (0x6d) Leader=[]byte(nil) Args=[]int{30} Intermed=[]byte(nil))
(*parser.CSIEvent)(0xc000155c70)(CSI: SGR (0x6d) Leader=[]byte(nil) Args=[]int{46} Intermed=[]byte(nil))
(*parser.TextEvent)(0xc000161360)({
 Text: ([]uint8) (len=6 cap=6) {
  00000000  4e 69 63 65 20 2b                                 |Nice +|
 }
})
(*parser.CSIEvent)(0xc000155d10)(CSI: SGR (0x6d) Leader=[]byte(nil) Args=[]int{39, 49} Intermed=[]byte(nil))
(*parser.CSIEvent)(0xc000155d60)(CSI: SGR (0x6d) Leader=[]byte(nil) Args=[]int(nil) Intermed=[]byte(nil))
(*parser.ControlEvent)(0xc00015d4f8)(CTL: "\x0f" (0xf))
(*parser.TextEvent)(0xc000161400)({
 Text: ([]uint8) (len=2 cap=2) {
  00000000  46 39                                             |F9|
 }
})
(*parser.CSIEvent)(0xc000155e00)(CSI: SGR (0x6d) Leader=[]byte(nil) Args=[]int{30} Intermed=[]byte(nil))
(*parser.CSIEvent)(0xc000155e50)(CSI: SGR (0x6d) Leader=[]byte(nil) Args=[]int{46} Intermed=[]byte(nil))
(*parser.TextEvent)(0xc0001614c0)({
 Text: ([]uint8) (len=6 cap=6) {
  00000000  4b 69 6c 6c 20 20                                 |Kill  |
 }
})
(*parser.CSIEvent)(0xc000155ef0)(CSI: SGR (0x6d) Leader=[]byte(nil) Args=[]int{39, 49} Intermed=[]byte(nil))
(*parser.CSIEvent)(0xc000155f40)(CSI: SGR (0x6d) Leader=[]byte(nil) Args=[]int(nil) Intermed=[]byte(nil))
(*parser.ControlEvent)(0xc00015d679)(CTL: "\x0f" (0xf))
(*parser.TextEvent)(0xc000161560)({
 Text: ([]uint8) (len=3 cap=3) {
  00000000  46 31 30                                          |F10|
 }
})
(*parser.CSIEvent)(0xc000174000)(CSI: SGR (0x6d) Leader=[]byte(nil) Args=[]int{30} Intermed=[]byte(nil))
(*parser.CSIEvent)(0xc000174050)(CSI: SGR (0x6d) Leader=[]byte(nil) Args=[]int{46} Intermed=[]byte(nil))
(*parser.TextEvent)(0xc000161620)({
 Text: ([]uint8) (len=4 cap=4) {
  00000000  51 75 69 74                                       |Quit|
 }
})
(*parser.ControlEvent)(0xc00015d7a3)(CTL: "\b" (0x8))
(*parser.TextEvent)(0xc0001616a0)({
 Text: ([]uint8) (len=1 cap=1) {
  00000000  20                                                | |
 }
})
(*parser.ControlEvent)(0xc00015d813)(CTL: "\b" (0x8))
(*parser.CSIEvent)(0xc000174140)(CSI: ICH (0x40) Leader=[]byte(nil) Args=[]int{1} Intermed=[]byte(nil))
(*parser.TextEvent)(0xc000161740)({
 Text: ([]uint8) (len=1 cap=1) {
  00000000  74                                                |t|
 }
})
(*parser.CSIEvent)(0xc0001741e0)(CSI: CUP (0x48) Leader=[]byte(nil) Args=[]int(nil) Intermed=[]byte(nil))
(*parser.CSIEvent)(0xc000174230)(CSI: SGR (0x6d) Leader=[]byte(nil) Args=[]int{39, 49} Intermed=[]byte(nil))
(*parser.CSIEvent)(0xc000174280)(CSI: SGR (0x6d) Leader=[]byte(nil) Args=[]int(nil) Intermed=[]byte(nil))
(*parser.ControlEvent)(0xc00015d931)(CTL: "\x0f" (0xf))
(*parser.CSIEvent)(0xc00015a690)(CSI: CUP (0x48) Leader=[]byte(nil) Args=[]int{2, 7} Intermed=[]byte(nil))
(*parser.CSIEvent)(0xc0001742d0)(CSI: SGR (0x6d) Leader=[]byte(nil) Args=[]int{32} Intermed=[]byte(nil))
(*parser.TextEvent)(0xc000090880)({
 Text: ([]uint8) (len=3 cap=3) {
  00000000  7c 7c 7c                                          |||||
 }
})
(*parser.CSIEvent)(0xc000174370)(CSI: SGR (0x6d) Leader=[]byte(nil) Args=[]int{31} Intermed=[]byte(nil))
(*parser.TextEvent)(0xc0000908c0)({
 Text: ([]uint8) (len=3 cap=3) {
  00000000  7c 7c 7c                                          |||||
 }
})
(*parser.CSIEvent)(0xc00010e9b0)(CSI: CUP (0x48) Leader=[]byte(nil) Args=[]int{2, 32} Intermed=[]byte(nil))
(*parser.CSIEvent)(0xc00010ea00)(CSI: SGR (0x6d) Leader=[]byte(nil) Args=[]int{0, 1} Intermed=[]byte(nil))
(*parser.ControlEvent)(0xc00015da28)(CTL: "\x0f" (0xf))
(*parser.CSIEvent)(0xc0001743c0)(CSI: SGR (0x6d) Leader=[]byte(nil) Args=[]int{90} Intermed=[]byte(nil))
(*parser.TextEvent)(0xc000161880)({
 Text: ([]uint8) (len=4 cap=4) {
  00000000  31 36 2e 36                                       |16.6|
 }
})
(*parser.CSIEvent)(0xc000174410)(CSI: CUP (0x48) Leader=[]byte(nil) Args=[]int{2, 45} Intermed=[]byte(nil))
(*parser.CSIEvent)(0xc00010eaa0)(CSI: SGR (0x6d) Leader=[]byte(nil) Args=[]int{0} Intermed=[]byte(nil))
(*parser.ControlEvent)(0xc00015da78)(CTL: "\x0f" (0xf))
(*parser.CSIEvent)(0xc000174460)(CSI: SGR (0x6d) Leader=[]byte(nil) Args=[]int{32} Intermed=[]byte(nil))
(*parser.TextEvent)(0xc0001618e0)({
 Text: ([]uint8) (len=2 cap=2) {
  00000000  7c 7c                                             ||||
 }
})
(*parser.CSIEvent)(0xc0001744b0)(CSI: SGR (0x6d) Leader=[]byte(nil) Args=[]int{31} Intermed=[]byte(nil))
(*parser.TextEvent)(0xc000161920)({
 Text: ([]uint8) (len=2 cap=2) {
  00000000  7c 7c                                             ||||
 }
})
(*parser.CSIEvent)(0xc000174550)(CSI: CUP (0x48) Leader=[]byte(nil) Args=[]int{2, 71} Intermed=[]byte(nil))
(*parser.CSIEvent)(0xc00010eb40)(CSI: SGR (0x6d) Leader=[]byte(nil) Args=[]int{0, 1} Intermed=[]byte(nil))
(*parser.ControlEvent)(0xc0000f49b0)(CTL: "\x0f" (0xf))
(*parser.CSIEvent)(0xc00010eb90)(CSI: SGR (0x6d) Leader=[]byte(nil) Args=[]int{90} Intermed=[]byte(nil))
(*parser.TextEvent)(0xc000090aa0)({
 Text: ([]uint8) (len=3 cap=3) {
  00000000  39 2e 39                                          |9.9|
 }
})
(*parser.CSIEvent)(0xc0001745a0)(CSI: CUP (0x48) Leader=[]byte(nil) Args=[]int{3, 7} Intermed=[]byte(nil))
(*parser.CSIEvent)(0xc0001745f0)(CSI: SGR (0x6d) Leader=[]byte(nil) Args=[]int{0} Intermed=[]byte(nil))
(*parser.ControlEvent)(0xc00015dbc9)(CTL: "\x0f" (0xf))
(*parser.CSIEvent)(0xc000174640)(CSI: SGR (0x6d) Leader=[]byte(nil) Args=[]int{32} Intermed=[]byte(nil))
(*parser.TextEvent)(0xc000161a00)({
 Text: ([]uint8) (len=1 cap=1) {
  00000000  7c                                                |||
 }
})
(*parser.CSIEvent)(0xc0001746e0)(CSI: SGR (0x6d) Leader=[]byte(nil) Args=[]int{31} Intermed=[]byte(nil))
(*parser.TextEvent)(0xc000161a80)({
 Text: ([]uint8) (len=1 cap=1) {
  00000000  7c                                                |||
 }
})
(*parser.CSIEvent)(0xc000174780)(CSI: CUP (0x48) Leader=[]byte(nil) Args=[]int{3, 33} Intermed=[]byte(nil))
(*parser.CSIEvent)(0xc0001747d0)(CSI: SGR (0x6d) Leader=[]byte(nil) Args=[]int{0, 1} Intermed=[]byte(nil))
(*parser.ControlEvent)(0xc0000f4ab8)(CTL: "\x0f" (0xf))
(*parser.CSIEvent)(0xc00010ec30)(CSI: SGR (0x6d) Leader=[]byte(nil) Args=[]int{90} Intermed=[]byte(nil))
(*parser.TextEvent)(0xc000090b80)({
 Text: ([]uint8) (len=3 cap=3) {
  00000000  31 2e 33                                          |1.3|
 }
})
(*parser.CSIEvent)(0xc00018c050)(CSI: CUP (0x48) Leader=[]byte(nil) Args=[]int{3, 45} Intermed=[]byte(nil))
(*parser.CSIEvent)(0xc00018c0a0)(CSI: SGR (0x6d) Leader=[]byte(nil) Args=[]int{0} Intermed=[]byte(nil))
(*parser.ControlEvent)(0xc00017a108)(CTL: "\x0f" (0xf))
(*parser.CSIEvent)(0xc00010ec80)(CSI: SGR (0x6d) Leader=[]byte(nil) Args=[]int{31} Intermed=[]byte(nil))
(*parser.TextEvent)(0xc000090bc0)({
 Text: ([]uint8) (len=1 cap=1) {
  00000000  7c                                                |||
 }
})
(*parser.CSIEvent)(0xc00010ed20)(CSI: CUP (0x48) Leader=[]byte(nil) Args=[]int{3, 71} Intermed=[]byte(nil))
(*parser.CSIEvent)(0xc00010ed70)(CSI: SGR (0x6d) Leader=[]byte(nil) Args=[]int{0, 1} Intermed=[]byte(nil))
(*parser.ControlEvent)(0xc0000f4be8)(CTL: "\x0f" (0xf))
(*parser.CSIEvent)(0xc00018c0f0)(CSI: SGR (0x6d) Leader=[]byte(nil) Args=[]int{90} Intermed=[]byte(nil))
(*parser.TextEvent)(0xc000090ca0)({
 Text: ([]uint8) (len=3 cap=3) {
  00000000  30 2e 37                                          |0.7|
 }
})
(*parser.CSIEvent)(0xc00018c190)(CSI: CUP (0x48) Leader=[]byte(nil) Args=[]int{4, 7} Intermed=[]byte(nil))
(*parser.CSIEvent)(0xc00018c1e0)(CSI: SGR (0x6d) Leader=[]byte(nil) Args=[]int{0} Intermed=[]byte(nil))
(*parser.ControlEvent)(0xc0000f4c68)(CTL: "\x0f" (0xf))
(*parser.CSIEvent)(0xc00018c230)(CSI: SGR (0x6d) Leader=[]byte(nil) Args=[]int{32} Intermed=[]byte(nil))
(*parser.TextEvent)(0xc000184180)({
 Text: ([]uint8) (len=2 cap=2) {
  00000000  7c 7c                                             ||||
 }
})
(*parser.CSIEvent)(0xc00018c2d0)(CSI: SGR (0x6d) Leader=[]byte(nil) Args=[]int{31} Intermed=[]byte(nil))
(*parser.TextEvent)(0xc000184220)({
 Text: ([]uint8) (len=3 cap=3) {
  00000000  7c 7c 7c                                          |||||
 }
})
(*parser.CSIEvent)(0xc00010ee10)(CSI: CUP (0x48) Leader=[]byte(nil) Args=[]int{4, 32} Intermed=[]byte(nil))
(*parser.CSIEvent)(0xc00010ee60)(CSI: SGR (0x6d) Leader=[]byte(nil) Args=[]int{0, 1} Intermed=[]byte(nil))
(*parser.ControlEvent)(0xc0000f4d30)(CTL: "\x0f" (0xf))
(*parser.CSIEvent)(0xc00018c320)(CSI: SGR (0x6d) Leader=[]byte(nil) Args=[]int{90} Intermed=[]byte(nil))
(*parser.TextEvent)(0xc000090d60)({
 Text: ([]uint8) (len=4 cap=4) {
  00000000  31 33 2e 32                                       |13.2|
 }
})
(*parser.CSIEvent)(0xc00018c3c0)(CSI: CUP (0x48) Leader=[]byte(nil) Args=[]int{4, 45} Intermed=[]byte(nil))
(*parser.CSIEvent)(0xc00010eeb0)(CSI: SGR (0x6d) Leader=[]byte(nil) Args=[]int{0} Intermed=[]byte(nil))
(*parser.ControlEvent)(0xc00017a361)(CTL: "\x0f" (0xf))
(*parser.CSIEvent)(0xc00010ef00)(CSI: SGR (0x6d) Leader=[]byte(nil) Args=[]int{32} Intermed=[]byte(nil))
(*parser.TextEvent)(0xc000090de0)({
 Text: ([]uint8) (len=1 cap=1) {
  00000000  7c                                                |||
 }
})
(*parser.CSIEvent)(0xc00010efa0)(CSI: SGR (0x6d) Leader=[]byte(nil) Args=[]int{31} Intermed=[]byte(nil))
(*parser.TextEvent)(0xc000090e80)({
 Text: ([]uint8) (len=2 cap=2) {
  00000000  7c 7c                                             ||||
 }
})
(*parser.CSIEvent)(0xc00018c460)(CSI: CUP (0x48) Leader=[]byte(nil) Args=[]int{4, 71} Intermed=[]byte(nil))
(*parser.CSIEvent)(0xc00010eff0)(CSI: SGR (0x6d) Leader=[]byte(nil) Args=[]int{0, 1} Intermed=[]byte(nil))
(*parser.ControlEvent)(0xc0000f4ec0)(CTL: "\x0f" (0xf))
(*parser.CSIEvent)(0xc00018c4b0)(CSI: SGR (0x6d) Leader=[]byte(nil) Args=[]int{90} Intermed=[]byte(nil))
(*parser.TextEvent)(0xc000184380)({
 Text: ([]uint8) (len=3 cap=3) {
  00000000  37 2e 33                                          |7.3|
 }
})
(*parser.CSIEvent)(0xc00010f090)(CSI: CUP (0x48) Leader=[]byte(nil) Args=[]int{5, 7} Intermed=[]byte(nil))
(*parser.CSIEvent)(0xc00010f0e0)(CSI: SGR (0x6d) Leader=[]byte(nil) Args=[]int{0} Intermed=[]byte(nil))
(*parser.ControlEvent)(0xc00017a460)(CTL: "\x0f" (0xf))
(*parser.CSIEvent)(0xc00010f130)(CSI: SGR (0x6d) Leader=[]byte(nil) Args=[]int{32} Intermed=[]byte(nil))
(*parser.TextEvent)(0xc000090f40)({
 Text: ([]uint8) (len=1 cap=1) {
  00000000  7c                                                |||
 }
})
(*parser.CSIEvent)(0xc00010f1d0)(CSI: SGR (0x6d) Leader=[]byte(nil) Args=[]int{31} Intermed=[]byte(nil))
(*parser.TextEvent)(0xc000090fc0)({
 Text: ([]uint8) (len=1 cap=1) {
  00000000  7c                                                |||
 }
})
(*parser.CSIEvent)(0xc00010f270)(CSI: CUP (0x48) Leader=[]byte(nil) Args=[]int{5, 33} Intermed=[]byte(nil))
(*parser.CSIEvent)(0xc00010f2c0)(CSI: SGR (0x6d) Leader=[]byte(nil) Args=[]int{0, 1} Intermed=[]byte(nil))
(*parser.ControlEvent)(0xc0000f50e0)(CTL: "\x0f" (0xf))
(*parser.CSIEvent)(0xc00010f310)(CSI: SGR (0x6d) Leader=[]byte(nil) Args=[]int{90} Intermed=[]byte(nil))
(*parser.TextEvent)(0xc0000910a0)({
 Text: ([]uint8) (len=3 cap=3) {
  00000000  31 2e 33                                          |1.3|
 }
})
(*parser.CSIEvent)(0xc00010f3b0)(CSI: CUP (0x48) Leader=[]byte(nil) Args=[]int{5, 45} Intermed=[]byte(nil))
(*parser.CSIEvent)(0xc00010f400)(CSI: SGR (0x6d) Leader=[]byte(nil) Args=[]int{0} Intermed=[]byte(nil))
(*parser.ControlEvent)(0xc0000f51e8)(CTL: "\x0f" (0xf))
(*parser.CSIEvent)(0xc00010f450)(CSI: SGR (0x6d) Leader=[]byte(nil) Args=[]int{32} Intermed=[]byte(nil))
(*parser.TextEvent)(0xc000091180)({
 Text: ([]uint8) (len=1 cap=1) {
  00000000  7c                                                |||
 }
})
(*parser.CSIEvent)(0xc00010f4f0)(CSI: SGR (0x6d) Leader=[]byte(nil) Args=[]int{31} Intermed=[]byte(nil))
(*parser.TextEvent)(0xc000091220)({
 Text: ([]uint8) (len=1 cap=1) {
  00000000  7c                                                |||
 }
})
(*parser.CSIEvent)(0xc00010f590)(CSI: CUP (0x48) Leader=[]byte(nil) Args=[]int{5, 71} Intermed=[]byte(nil))
(*parser.CSIEvent)(0xc00010f5e0)(CSI: SGR (0x6d) Leader=[]byte(nil) Args=[]int{0, 1} Intermed=[]byte(nil))
(*parser.ControlEvent)(0xc0000f5370)(CTL: "\x0f" (0xf))
(*parser.CSIEvent)(0xc00010f630)(CSI: SGR (0x6d) Leader=[]byte(nil) Args=[]int{90} Intermed=[]byte(nil))
(*parser.TextEvent)(0xc000091300)({
 Text: ([]uint8) (len=3 cap=3) {
  00000000  31 2e 33                                          |1.3|
 }
})
(*parser.CSIEvent)(0xc00010f6d0)(CSI: CUP (0x48) Leader=[]byte(nil) Args=[]int{8, 64} Intermed=[]byte(nil))
(*parser.CSIEvent)(0xc00018c500)(CSI: SGR (0x6d) Leader=[]byte(nil) Args=[]int{36} Intermed=[]byte(nil))
(*parser.TextEvent)(0xc0000913c0)({
 Text: ([]uint8) (len=1 cap=1) {
  00000000  38                                                |8|
 }
})
(*parser.ControlEvent)(0xc00017a533)(CTL: "\r" (0xd))
(*parser.CSIEvent)(0xc00018c5a0)(CSI: VPA (0x64) Leader=[]byte(nil) Args=[]int{11} Intermed=[]byte(nil))
(*parser.CSIEvent)(0xc00018c5f0)(CSI: SGR (0x6d) Leader=[]byte(nil) Args=[]int{0} Intermed=[]byte(nil))
(*parser.ControlEvent)(0xc0000f54b0)(CTL: "\x0f" (0xf))
(*parser.CSIEvent)(0xc00010f720)(CSI: SGR (0x6d) Leader=[]byte(nil) Args=[]int{30} Intermed=[]byte(nil))
(*parser.CSIEvent)(0xc00018c640)(CSI: SGR (0x6d) Leader=[]byte(nil) Args=[]int{46} Intermed=[]byte(nil))
(*parser.TextEvent)(0xc000184460)({
 Text: ([]uint8) (len=3 cap=3) {
  00000000  20 32 32                                          | 22|
 }
})
(*parser.CSIEvent)(0xc00018c6e0)(CSI: CUP (0x48) Leader=[]byte(nil) Args=[]int{11, 18} Intermed=[]byte(nil))
(*parser.TextEvent)(0xc000091440)({
 Text: ([]uint8) (len=63 cap=63) {
  00000000  32 34 20 20 20 30 20 35  36 31 32 4d 20 20 33 31  |24   0 5612M  31|
  00000010  37 4d 20 3f 20 31 31 2e  34 20 20 31 2e 39 20 20  |7M ? 11.4  1.9  |
  00000020  31 68 31 33 3a 30 33 20  2f 41 70 70 6c 69 63 61  |1h13:03 /Applica|
  00000030  74 69 6f 6e 73 2f 69 54  65 72 6d 2e 61 70 70     |tions/iTerm.app|
 }
})
(*parser.CSIEvent)(0xc00010f770)(CSI: CUP (0x48) Leader=[]byte(nil) Args=[]int{12, 1} Intermed=[]byte(nil))
(*parser.CSIEvent)(0xc00010f7c0)(CSI: SGR (0x6d) Leader=[]byte(nil) Args=[]int{39, 49} Intermed=[]byte(nil))
(*parser.CSIEvent)(0xc00010f810)(CSI: SGR (0x6d) Leader=[]byte(nil) Args=[]int(nil) Intermed=[]byte(nil))
(*parser.ControlEvent)(0xc0000f55c9)(CTL: "\x0f" (0xf))
(*parser.TextEvent)(0xc0000914a0)({
 Text: ([]uint8) (len=5 cap=5) {
  00000000  38 30 34 34 37                                    |80447|
 }
})
(*parser.CSIEvent)(0xc00010f8b0)(CSI: CUP (0x48) Leader=[]byte(nil) Args=[]int{12, 18} Intermed=[]byte(nil))
(*parser.TextEvent)(0xc000091540)({
 Text: ([]uint8) (len=2 cap=2) {
  00000000  32 35                                             |25|
 }
})
(*parser.CSIEvent)(0xc00010f950)(CSI: CHA (0x47) Leader=[]byte(nil) Args=[]int{26} Intermed=[]byte(nil))
(*parser.CSIEvent)(0xc00010f9a0)(CSI: SGR (0x6d) Leader=[]byte(nil) Args=[]int{36} Intermed=[]byte(nil))
(*parser.TextEvent)(0xc000091600)({
 Text: ([]uint8) (len=7 cap=7) {
  00000000  32 37 34 4d 20 20 33                              |274M  3|
 }
})
(*parser.CSIEvent)(0xc00018c7d0)(CSI: SGR (0x6d) Leader=[]byte(nil) Args=[]int{39} Intermed=[]byte(nil))
(*parser.CSIEvent)(0xc00018c820)(CSI: SGR (0x6d) Leader=[]byte(nil) Args=[]int(nil) Intermed=[]byte(nil))
(*parser.ControlEvent)(0xc00017a6f1)(CTL: "\x0f" (0xf))
(*parser.TextEvent)(0xc000091620)({
 Text: ([]uint8) (len=48 cap=48) {
  00000000  31 32 30 20 3f 20 20 36  2e 36 20 20 30 2e 30 20  |120 ?  6.6  0.0 |
  00000010  20 30 3a 30 30 2e 31 31  20 2f 76 61 72 2f 66 6f  | 0:00.11 /var/fo|
  00000020  6c 64 65 72 73 2f 35 78  2f 33 77 6b 6c 73 6e 7a  |lders/5x/3wklsnz|
 }
})
(*parser.CSIEvent)(0xc00010fa40)(CSI: CUP (0x48) Leader=[]byte(nil) Args=[]int{13, 3} Intermed=[]byte(nil))
(*parser.TextEvent)(0xc0000916c0)({
 Text: ([]uint8) (len=3 cap=3) {
  00000000  30 36 38                                          |068|
 }
})
(*parser.CSIEvent)(0xc00010fae0)(CSI: CUP (0x48) Leader=[]byte(nil) Args=[]int{13, 18} Intermed=[]byte(nil))
(*parser.TextEvent)(0xc000091760)({
 Text: ([]uint8) (len=2 cap=2) {
  00000000  31 37                                             |17|
 }
})
(*parser.CSIEvent)(0xc00018c8c0)(CSI: CHA (0x47) Leader=[]byte(nil) Args=[]int{27} Intermed=[]byte(nil))
(*parser.CSIEvent)(0xc00018c910)(CSI: SGR (0x6d) Leader=[]byte(nil) Args=[]int{36} Intermed=[]byte(nil))
(*parser.TextEvent)(0xc000184660)({
 Text: ([]uint8) (len=6 cap=6) {
  00000000  35 38 4d 20 31 36                                 |58M 16|
 }
})
(*parser.CSIEvent)(0xc00018c960)(CSI: SGR (0x6d) Leader=[]byte(nil) Args=[]int{39} Intermed=[]byte(nil))
(*parser.CSIEvent)(0xc00018c9b0)(CSI: SGR (0x6d) Leader=[]byte(nil) Args=[]int(nil) Intermed=[]byte(nil))
(*parser.ControlEvent)(0xc0000f58e8)(CTL: "\x0f" (0xf))
(*parser.TextEvent)(0xc0001846a0)({
 Text: ([]uint8) (len=15 cap=15) {
  00000000  33 38 30 20 3f 20 20 32  2e 31 20 20 30 2e 31     |380 ?  2.1  0.1|
 }
})
(*parser.CSIEvent)(0xc00018ca50)(CSI: CHA (0x47) Leader=[]byte(nil) Args=[]int{55} Intermed=[]byte(nil))
(*parser.TextEvent)(0xc000091800)({
 Text: ([]uint8) (len=26 cap=26) {
  00000000  33 33 20 2f 53 79 73 74  65 6d 2f 4c 69 62 72 61  |33 /System/Libra|
  00000010  72 79 2f 46 72 61 6d 65  77 6f                    |ry/Framewo|
 }
})
(*parser.CSIEvent)(0xc00018caf0)(CSI: CUP (0x48) Leader=[]byte(nil) Args=[]int{14, 1} Intermed=[]byte(nil))
(*parser.TextEvent)(0xc000091840)({
 Text: ([]uint8) (len=5 cap=5) {
  00000000  20 20 37 37 32                                    |  772|
 }
})
(*parser.CSIEvent)(0xc00010fbd0)(CSI: CUP (0x48) Leader=[]byte(nil) Args=[]int{14, 18} Intermed=[]byte(nil))
(*parser.TextEvent)(0xc0000918e0)({
 Text: ([]uint8) (len=7 cap=7) {
  00000000  31 37 20 20 20 30 20                              |17   0 |
 }
})
(*parser.CSIEvent)(0xc00010fc70)(CSI: SGR (0x6d) Leader=[]byte(nil) Args=[]int{36} Intermed=[]byte(nil))
(*parser.TextEvent)(0xc000091980)({
 Text: ([]uint8) (len=8 cap=8) {
  00000000  35 32 30 33 4d 20 38 34                           |5203M 84|
 }
})
(*parser.CSIEvent)(0xc00010fd10)(CSI: SGR (0x6d) Leader=[]byte(nil) Args=[]int{39} Intermed=[]byte(nil))
(*parser.CSIEvent)(0xc00010fd60)(CSI: SGR (0x6d) Leader=[]byte(nil) Args=[]int(nil) Intermed=[]byte(nil))
(*parser.ControlEvent)(0xc0000f5ac9)(CTL: "\x0f" (0xf))
(*parser.TextEvent)(0xc000091a20)({
 Text: ([]uint8) (len=48 cap=48) {
  00000000  36 33 32 20 3f 20 20 31  2e 39 20 20 30 2e 35 20  |632 ?  1.9  0.5 |
  00000010  32 33 3a 30 31 2e 31 31  20 2f 41 70 70 6c 69 63  |23:01.11 /Applic|
  00000020  61 74 69 6f 6e 73 2f 53  70 6f 74 69 66 79 2e 61  |ations/Spotify.a|
 }
})
(*parser.CSIEvent)(0xc00018cb90)(CSI: CUP (0x48) Leader=[]byte(nil) Args=[]int{15, 1} Intermed=[]byte(nil))
(*parser.TextEvent)(0xc000184820)({
 Text: ([]uint8) (len=24 cap=24) {
  00000000  20 32 34 35 34 20 65 76  61 6e 20 20 20 20 20 20  | 2454 evan      |
  00000010  20 20 38 20 20 20 30 20                           |  8   0 |
 }
})
(*parser.CSIEvent)(0xc00010fdb0)(CSI: SGR (0x6d) Leader=[]byte(nil) Args=[]int{36} Intermed=[]byte(nil))
(*parser.TextEvent)(0xc000091a60)({
 Text: ([]uint8) (len=12 cap=12) {
  00000000  36 30 31 38 4d 20 20 33  32 31 4d 20              |6018M  321M |
 }
})
(*parser.CSIEvent)(0xc00010fe50)(CSI: SGR (0x6d) Leader=[]byte(nil) Args=[]int{39} Intermed=[]byte(nil))
(*parser.CSIEvent)(0xc00018cc30)(CSI: SGR (0x6d) Leader=[]byte(nil) Args=[]int(nil) Intermed=[]byte(nil))
(*parser.ControlEvent)(0xc00017a9f4)(CTL: "\x0f" (0xf))
(*parser.TextEvent)(0xc0001848a0)({
 Text: ([]uint8) (len=44 cap=44) {
  00000000  3f 20 20 31 2e 37 20 20  32 2e 30 20 35 32 3a 32  |?  1.7  2.0 52:2|
  00000010  32 2e 33 34 20 2f 41 70  70 6c 69 63 61 74 69 6f  |2.34 /Applicatio|
  00000020  6e 73 2f 47 6f 6f 67 6c  65 20 43 68              |ns/Google Ch|
 }
})
(*parser.CSIEvent)(0xc00010fef0)(CSI: CUP (0x48) Leader=[]byte(nil) Args=[]int{16, 1} Intermed=[]byte(nil))
(*parser.TextEvent)(0xc000091b80)({
 Text: ([]uint8) (len=16 cap=16) {
  00000000  20 32 34 36 33 20 65 76  61 6e 20 20 20 20 20 20  | 2463 evan      |
 }
})
(*parser.CSIEvent)(0xc00010ff90)(CSI: CUP (0x48) Leader=[]byte(nil) Args=[]int{16, 25} Intermed=[]byte(nil))
(*parser.CSIEvent)(0xc0001aa000)(CSI: SGR (0x6d) Leader=[]byte(nil) Args=[]int{36} Intermed=[]byte(nil))
(*parser.TextEvent)(0xc000091c40)({
 Text: ([]uint8) (len=8 cap=8) {
  00000000  34 35 36 35 4d 20 34 37                           |4565M 47|
 }
})
(*parser.CSIEvent)(0xc0001aa0a0)(CSI: SGR (0x6d) Leader=[]byte(nil) Args=[]int{39} Intermed=[]byte(nil))
(*parser.CSIEvent)(0xc0001aa0f0)(CSI: SGR (0x6d) Leader=[]byte(nil) Args=[]int(nil) Intermed=[]byte(nil))
(*parser.ControlEvent)(0xc0000f5d51)(CTL: "\x0f" (0xf))
(*parser.TextEvent)(0xc000091ce0)({
 Text: ([]uint8) (len=48 cap=48) {
  00000000  36 34 34 20 3f 20 20 31  2e 32 20 20 30 2e 33 20  |644 ?  1.2  0.3 |
  00000010  31 36 3a 33 38 2e 37 32  20 2f 41 70 70 6c 69 63  |16:38.72 /Applic|
  00000020  61 74 69 6f 6e 73 2f 47  6f 6f 67 6c 65 20 43 68  |ations/Google Ch|
 }
})
(*parser.CSIEvent)(0xc0001aa190)(CSI: CUP (0x48) Leader=[]byte(nil) Args=[]int{17, 1} Intermed=[]byte(nil))
(*parser.TextEvent)(0xc000091d80)({
 Text: ([]uint8) (len=24 cap=24) {
  00000000  20 32 32 38 39 20 65 76  61 6e 20 20 20 20 20 20  | 2289 evan      |
  00000010  20 32 34 20 20 20 30 20                           | 24   0 |
 }
})
(*parser.CSIEvent)(0xc0001aa230)(CSI: SGR (0x6d) Leader=[]byte(nil) Args=[]int{36} Intermed=[]byte(nil))
(*parser.TextEvent)(0xc000091e20)({
 Text: ([]uint8) (len=8 cap=8) {
  00000000  34 32 35 30 4d 20 31 32                           |4250M 12|
 }
})
(*parser.CSIEvent)(0xc0001aa2d0)(CSI: SGR (0x6d) Leader=[]byte(nil) Args=[]int{39} Intermed=[]byte(nil))
(*parser.CSIEvent)(0xc0001aa320)(CSI: SGR (0x6d) Leader=[]byte(nil) Args=[]int(nil) Intermed=[]byte(nil))
(*parser.ControlEvent)(0xc0000f5ef1)(CTL: "\x0f" (0xf))
(*parser.TextEvent)(0xc000091ec0)({
 Text: ([]uint8) (len=3 cap=3) {
  00000000  37 38 34                                          |784|
 }
})
(*parser.CSIEvent)(0xc00018ccd0)(CSI: CHA (0x47) Leader=[]byte(nil) Args=[]int{42} Intermed=[]byte(nil))
(*parser.TextEvent)(0xc000184940)({
 Text: ([]uint8) (len=24 cap=24) {
  00000000  39 20 20 30 2e 31 20 31  37 3a 35 37 2e 37 38 20  |9  0.1 17:57.78 |
  00000010  74 6d 75 78 20 6e 65 77                           |tmux new|
 }
})
(*parser.ControlEvent)(0xc00017ab43)(CTL: "\r" (0xd))
(*parser.CSIEvent)(0xc00018cd70)(CSI: VPA (0x64) Leader=[]byte(nil) Args=[]int{18} Intermed=[]byte(nil))
(*parser.TextEvent)(0xc0001849e0)({
 Text: ([]uint8) (len=5 cap=5) {
  00000000  20 20 38 39 36                                    |  896|
 }
})
(*parser.CSIEvent)(0xc0001aa3c0)(CSI: CUP (0x48) Leader=[]byte(nil) Args=[]int{18, 18} Intermed=[]byte(nil))
(*parser.TextEvent)(0xc000091f60)({
 Text: ([]uint8) (len=2 cap=2) {
  00000000  20 30                                             | 0|
 }
})
(*parser.CSIEvent)(0xc0001aa460)(CSI: CHA (0x47) Leader=[]byte(nil) Args=[]int{26} Intermed=[]byte(nil))
(*parser.CSIEvent)(0xc0001aa4b0)(CSI: SGR (0x6d) Leader=[]byte(nil) Args=[]int{36} Intermed=[]byte(nil))
(*parser.TextEvent)(0xc0001b2020)({
 Text: ([]uint8) (len=7 cap=7) {
  00000000  38 30 39 4d 20 31 36                              |809M 16|
 }
})
(*parser.CSIEvent)(0xc0001aa550)(CSI: SGR (0x6d) Leader=[]byte(nil) Args=[]int{39} Intermed=[]byte(nil))
(*parser.CSIEvent)(0xc0001aa5a0)(CSI: SGR (0x6d) Leader=[]byte(nil) Args=[]int(nil) Intermed=[]byte(nil))
(*parser.ControlEvent)(0xc0001b00d9)(CTL: "\x0f" (0xf))
(*parser.TextEvent)(0xc0001b20c0)({
 Text: ([]uint8) (len=3 cap=3) {
  00000000  33 38 34                                          |384|
 }
})
(*parser.CSIEvent)(0xc0001aa640)(CSI: CHA (0x47) Leader=[]byte(nil) Args=[]int{42} Intermed=[]byte(nil))
(*parser.TextEvent)(0xc0001b2160)({
 Text: ([]uint8) (len=1 cap=1) {
  00000000  38                                                |8|
 }
})
(*parser.CSIEvent)(0xc0001aa6e0)(CSI: CHA (0x47) Leader=[]byte(nil) Args=[]int{49} Intermed=[]byte(nil))
(*parser.TextEvent)(0xc0001b2200)({
 Text: ([]uint8) (len=32 cap=32) {
  00000000  33 30 3a 31 31 2e 35 37  20 2f 41 70 70 6c 69 63  |30:11.57 /Applic|
  00000010  61 74 69 6f 6e 73 2f 5a  65 72 6f 54 69 65 72 20  |ations/ZeroTier |
 }
})
(*parser.CSIEvent)(0xc0001aa780)(CSI: CUP (0x48) Leader=[]byte(nil) Args=[]int{19, 1} Intermed=[]byte(nil))
(*parser.TextEvent)(0xc0001b22a0)({
 Text: ([]uint8) (len=5 cap=5) {
  00000000  34 34 39 34 39                                    |44949|
 }
})
(*parser.CSIEvent)(0xc0001aa820)(CSI: CUP (0x48) Leader=[]byte(nil) Args=[]int{19, 26} Intermed=[]byte(nil))
(*parser.CSIEvent)(0xc0001aa870)(CSI: SGR (0x6d) Leader=[]byte(nil) Args=[]int{36} Intermed=[]byte(nil))
(*parser.TextEvent)(0xc0001b2360)({
 Text: ([]uint8) (len=11 cap=11) {
  00000000  39 34 35 4d 20 20 31 33  37 4d 20                 |945M  137M |
 }
})
(*parser.CSIEvent)(0xc0001aa910)(CSI: SGR (0x6d) Leader=[]byte(nil) Args=[]int{39} Intermed=[]byte(nil))
(*parser.CSIEvent)(0xc0001aa960)(CSI: SGR (0x6d) Leader=[]byte(nil) Args=[]int(nil) Intermed=[]byte(nil))
(*parser.ControlEvent)(0xc0001b03e1)(CTL: "\x0f" (0xf))
(*parser.TextEvent)(0xc0001b2400)({
 Text: ([]uint8) (len=44 cap=44) {
  00000000  3f 20 20 30 2e 35 20 20  30 2e 38 20 20 30 3a 33  |?  0.5  0.8  0:3|
  00000010  32 2e 39 39 20 2f 41 70  70 6c 69 63 61 74 69 6f  |2.99 /Applicatio|
  00000020  6e 73 2f 47 6f 6f 67 6c  65 20 43 68              |ns/Google Ch|
 }
})
(*parser.CSIEvent)(0xc0001aaa00)(CSI: CUP (0x48) Leader=[]byte(nil) Args=[]int{20, 1} Intermed=[]byte(nil))
(*parser.TextEvent)(0xc0001b24a0)({
 Text: ([]uint8) (len=5 cap=5) {
  00000000  20 20 38 39 34                                    |  894|
 }
})
(*parser.CSIEvent)(0xc0001aaaa0)(CSI: CUP (0x48) Leader=[]byte(nil) Args=[]int{20, 18} Intermed=[]byte(nil))
(*parser.TextEvent)(0xc0001b2540)({
 Text: ([]uint8) (len=7 cap=7) {
  00000000  32 34 20 20 20 30 20                              |24   0 |
 }
})
(*parser.CSIEvent)(0xc0001aab40)(CSI: SGR (0x6d) Leader=[]byte(nil) Args=[]int{36} Intermed=[]byte(nil))
(*parser.TextEvent)(0xc0001b25e0)({
 Text: ([]uint8) (len=12 cap=12) {
  00000000  36 31 34 38 4d 20 20 31  35 31 4d 20              |6148M  151M |
 }
})
(*parser.CSIEvent)(0xc0001aabe0)(CSI: SGR (0x6d) Leader=[]byte(nil) Args=[]int{39} Intermed=[]byte(nil))
(*parser.CSIEvent)(0xc0001aac30)(CSI: SGR (0x6d) Leader=[]byte(nil) Args=[]int(nil) Intermed=[]byte(nil))
(*parser.ControlEvent)(0xc0001b0661)(CTL: "\x0f" (0xf))
(*parser.TextEvent)(0xc0001b2680)({
 Text: ([]uint8) (len=44 cap=44) {
  00000000  3f 20 20 30 2e 34 20 20  30 2e 39 20 20 39 3a 31  |?  0.4  0.9  9:1|
  00000010  30 2e 35 31 20 2f 41 70  70 6c 69 63 61 74 69 6f  |0.51 /Applicatio|
  00000020  6e 73 2f 44 72 6f 70 62  6f 78 2e 61              |ns/Dropbox.a|
 }
})
(*parser.CSIEvent)(0xc0001aacd0)(CSI: CUP (0x48) Leader=[]byte(nil) Args=[]int{21, 1} Intermed=[]byte(nil))
(*parser.TextEvent)(0xc0001b2720)({
 Text: ([]uint8) (len=5 cap=5) {
  00000000  20 20 38 36 30                                    |  860|
 }
})
(*parser.CSIEvent)(0xc0001aad70)(CSI: CUP (0x48) Leader=[]byte(nil) Args=[]int{21, 18} Intermed=[]byte(nil))
(*parser.TextEvent)(0xc0001b27c0)({
 Text: ([]uint8) (len=7 cap=7) {
  00000000  32 34 20 20 20 30 20                              |24   0 |
 }
})
(*parser.CSIEvent)(0xc0001aae10)(CSI: SGR (0x6d) Leader=[]byte(nil) Args=[]int{36} Intermed=[]byte(nil))
(*parser.TextEvent)(0xc0001b2860)({
 Text: ([]uint8) (len=8 cap=8) {
  00000000  35 37 34 35 4d 20 36 33                           |5745M 63|
 }
})
(*parser.CSIEvent)(0xc0001aaeb0)(CSI: SGR (0x6d) Leader=[]byte(nil) Args=[]int{39} Intermed=[]byte(nil))
(*parser.CSIEvent)(0xc0001aaf00)(CSI: SGR (0x6d) Leader=[]byte(nil) Args=[]int(nil) Intermed=[]byte(nil))
(*parser.ControlEvent)(0xc0001b08b9)(CTL: "\x0f" (0xf))
(*parser.TextEvent)(0xc0001b2900)({
 Text: ([]uint8) (len=3 cap=3) {
  00000000  34 30 30                                          |400|
 }
})
(*parser.CSIEvent)(0xc0001aafa0)(CSI: CHA (0x47) Leader=[]byte(nil) Args=[]int{42} Intermed=[]byte(nil))
(*parser.TextEvent)(0xc000184a00)({
 Text: ([]uint8) (len=39 cap=39) {
  00000000  34 20 20 30 2e 34 20 31  30 3a 31 32 2e 37 38 20  |4  0.4 10:12.78 |
  00000010  2f 41 70 70 6c 69 63 61  74 69 6f 6e 73 2f 31 50  |/Applications/1P|
  00000020  61 73 73 77 6f 72 64                              |assword|
 }
})
(*parser.CSIEvent)(0xc0001aaff0)(CSI: CUP (0x48) Leader=[]byte(nil) Args=[]int{22, 1} Intermed=[]byte(nil))
(*parser.TextEvent)(0xc000184aa0)({
 Text: ([]uint8) (len=5 cap=5) {
  00000000  38 30 34 34 38                                    |80448|
 }
})
(*parser.CSIEvent)(0xc00018ce60)(CSI: CUP (0x48) Leader=[]byte(nil) Args=[]int{22, 18} Intermed=[]byte(nil))
(*parser.TextEvent)(0xc000184b40)({
 Text: ([]uint8) (len=2 cap=2) {
  00000000  32 34                                             |24|
 }
})
(*parser.CSIEvent)(0xc00018cf00)(CSI: CHA (0x47) Leader=[]byte(nil) Args=[]int{27} Intermed=[]byte(nil))
(*parser.CSIEvent)(0xc00018cf50)(CSI: SGR (0x6d) Leader=[]byte(nil) Args=[]int{36} Intermed=[]byte(nil))
(*parser.TextEvent)(0xc000184c00)({
 Text: ([]uint8) (len=6 cap=6) {
  00000000  33 32 4d 20 20 32                                 |32M  2|
 }
})
(*parser.CSIEvent)(0xc00018cff0)(CSI: SGR (0x6d) Leader=[]byte(nil) Args=[]int{39} Intermed=[]byte(nil))
(*parser.CSIEvent)(0xc00018d040)(CSI: SGR (0x6d) Leader=[]byte(nil) Args=[]int(nil) Intermed=[]byte(nil))
(*parser.ControlEvent)(0xc00017ae99)(CTL: "\x0f" (0xf))
(*parser.TextEvent)(0xc000184ca0)({
 Text: ([]uint8) (len=4 cap=4) {
  00000000  35 32 30 20                                       |520 |
 }
})
(*parser.CSIEvent)(0xc00018d0e0)(CSI: SGR (0x6d) Leader=[]byte(nil) Args=[]int{32} Intermed=[]byte(nil))
(*parser.TextEvent)(0xc000184d40)({
 Text: ([]uint8) (len=2 cap=2) {
  00000000  52 20                                             |R |
 }
})
(*parser.CSIEvent)(0xc00018d180)(CSI: SGR (0x6d) Leader=[]byte(nil) Args=[]int{39} Intermed=[]byte(nil))
(*parser.CSIEvent)(0xc0001ab040)(CSI: SGR (0x6d) Leader=[]byte(nil) Args=[]int(nil) Intermed=[]byte(nil))
(*parser.ControlEvent)(0xc0001b09a1)(CTL: "\x0f" (0xf))
(*parser.TextEvent)(0xc0001b29c0)({
 Text: ([]uint8) (len=9 cap=9) {
  00000000  20 30 2e 33 20 20 30 2e  30                       | 0.3  0.0|
 }
})
(*parser.CSIEvent)(0xc0001ab0e0)(CSI: CHA (0x47) Leader=[]byte(nil) Args=[]int{55} Intermed=[]byte(nil))
(*parser.TextEvent)(0xc0001b2a60)({
 Text: ([]uint8) (len=7 cap=7) {
  00000000  30 33 20 68 74 6f 70                              |03 htop|
 }
})
(*parser.CSIEvent)(0xc0001ab180)(CSI: EL (0x4b) Leader=[]byte(nil) Args=[]int(nil) Intermed=[]byte(nil))
(*parser.ControlEvent)(0xc0001b0aa9)(CTL: "\r" (0xd))
(*parser.CSIEvent)(0xc0001ab1d0)(CSI: VPA (0x64) Leader=[]byte(nil) Args=[]int{23} Intermed=[]byte(nil))
(*parser.TextEvent)(0xc0001b2b00)({
 Text: ([]uint8) (len=5 cap=5) {
  00000000  39 32 32 39 36                                    |92296|
 }
})
(*parser.CSIEvent)(0xc0001ab270)(CSI: CUP (0x48) Leader=[]byte(nil) Args=[]int{23, 25} Intermed=[]byte(nil))
(*parser.CSIEvent)(0xc00018d1d0)(CSI: SGR (0x6d) Leader=[]byte(nil) Args=[]int{36} Intermed=[]byte(nil))
(*parser.TextEvent)(0xc000184e00)({
 Text: ([]uint8) (len=8 cap=8) {
  00000000  35 38 34 36 4d 20 37 37                           |5846M 77|
 }
})
(*parser.CSIEvent)(0xc00018d270)(CSI: SGR (0x6d) Leader=[]byte(nil) Args=[]int{39} Intermed=[]byte(nil))
(*parser.CSIEvent)(0xc00018d2c0)(CSI: SGR (0x6d) Leader=[]byte(nil) Args=[]int(nil) Intermed=[]byte(nil))
(*parser.ControlEvent)(0xc00017b0a9)(CTL: "\x0f" (0xf))
(*parser.TextEvent)(0xc000184ea0)({
 Text: ([]uint8) (len=2 cap=2) {
  00000000  35 36                                             |56|
 }
})
(*parser.CSIEvent)(0xc00018d360)(CSI: CHA (0x47) Leader=[]byte(nil) Args=[]int{42} Intermed=[]byte(nil))
(*parser.TextEvent)(0xc000184f40)({
 Text: ([]uint8) (len=39 cap=39) {
  00000000  33 20 20 30 2e 35 20 20  32 3a 30 31 2e 39 36 20  |3  0.5  2:01.96 |
  00000010  2f 41 70 70 6c 69 63 61  74 69 6f 6e 73 2f 47 6f  |/Applications/Go|
  00000020  6f 67 6c 65 20 43 68                              |ogle Ch|
 }
})
(*parser.CSIEvent)(0xc00018d400)(CSI: CUP (0x48) Leader=[]byte(nil) Args=[]int{1, 1} Intermed=[]byte(nil))
(*parser.CSIEvent)(0xc00018d450)(CSI: VPA (0x64) Leader=[]byte(nil) Args=[]int{24} Intermed=[]byte(nil))
(*parser.CSIEvent)(0xc0001ab2c0)(CSI: ED (0x4a) Leader=[]byte(nil) Args=[]int(nil) Intermed=[]byte(nil))
(*parser.CSIEvent)(0xc00018d4a0)(CSI: SM (0x68) Leader=[]byte(nil) Args=[]int{34} Intermed=[]byte(nil))
(*parser.CSIEvent)(0xc0001ab310)(CSI: SM-Q (0x68) Leader=[]byte{0x3f} Args=[]int{25} Intermed=[]byte(nil))
(*parser.CSIEvent)(0xc0001ab360)(CSI: RM-Q (0x6c) Leader=[]byte{0x3f} Args=[]int{1000} Intermed=[]byte(nil))
(*parser.CSIEvent)(0xc00018d4f0)(CSI: CUP (0x48) Leader=[]byte(nil) Args=[]int{24, 1} Intermed=[]byte(nil))
(*parser.CSIEvent)(0xc00018d540)(CSI: RM-Q (0x6c) Leader=[]byte{0x3f} Args=[]int{1049} Intermed=[]byte(nil))
(*parser.ControlEvent)(0xc00017b2b8)(CTL: "\r" (0xd))
(*parser.CSIEvent)(0xc00018d590)(CSI: RM-Q (0x6c) Leader=[]byte{0x3f} Args=[]int{1} Intermed=[]byte(nil))
(*parser.EscapeEvent)(0xc0001850e0)({
 Data: ([]uint8) (len=1 cap=8) {
  00000000  3e                                                |>|
 }
})
